#
# There is insufficient memory for the Java Runtime Environment to continue.
# Native memory allocation (mmap) failed to map 35651584 bytes for Failed to commit area from 0x00000000ab800000 to 0x00000000ada00000 of length 35651584.
# Possible reasons:
#   The system is out of physical RAM or swap space
#   The process is running with CompressedOops enabled, and the Java Heap may be blocking the growth of the native heap
# Possible solutions:
#   Reduce memory load on the system
#   Increase physical memory or swap space
#   Check if swap backing store is full
#   Decrease Java heap size (-Xmx/-Xms)
#   Decrease number of Java threads
#   Decrease Java thread stack sizes (-Xss)
#   Set larger code cache with -XX:ReservedCodeCacheSize=
#   JVM is running with Unscaled Compressed Oops mode in which the Java heap is
#     placed in the first 4GB address space. The Java Heap base address is the
#     maximum limit for the native heap growth. Please use -XX:HeapBaseMinAddress
#     to set the Java Heap base and to place the Java Heap above 4GB virtual address.
# This output file may be truncated or incomplete.
#
#  Out of Memory Error (./open/src/hotspot/os/windows/os_windows.cpp:3276), pid=14552, tid=17884
#
# JRE version: Java(TM) SE Runtime Environment 18.9 (11.0.13+10) (build 11.0.13+10-LTS-370)
# Java VM: Java HotSpot(TM) 64-Bit Server VM 18.9 (11.0.13+10-LTS-370, mixed mode, tiered, compressed oops, g1 gc, windows-amd64)
# No core dump will be written. Minidumps are not enabled by default on client versions of Windows
#

---------------  S U M M A R Y ------------

Command Line: -XX:TieredStopAtLevel=1 -Xverify:none -Dspring.output.ansi.enabled=always -javaagent:C:\Program Files\JetBrains\IntelliJ IDEA 2021.3\lib\idea_rt.jar=51435:C:\Program Files\JetBrains\IntelliJ IDEA 2021.3\bin -Dcom.sun.management.jmxremote -Dspring.jmx.enabled=true -Dspring.liveBeansView.mbeanDomain -Dspring.application.admin.enabled=true -Dfile.encoding=UTF-8 relevebancaire.workflow.activiti.ActivitiWorkflowBootloader

Host: AMD Ryzen 3 3200U with Radeon Vega Mobile Gfx  , 4 cores, 5G,  Windows 10 , 64 bit Build 19041 (10.0.19041.1645)
Time: Fri Apr 29 06:42:27 2022 Morocco Standard Time elapsed time: 21.775119 seconds (0d 0h 0m 21s)

---------------  T H R E A D  ---------------

Current thread (0x0000022a7f5f9000):  VMThread "VM Thread" [stack: 0x000000aa4ec00000,0x000000aa4ed00000] [id=17884]

Stack: [0x000000aa4ec00000,0x000000aa4ed00000]
[error occurred during error reporting (printing stack bounds), id 0xc0000005, EXCEPTION_ACCESS_VIOLATION (0xc0000005) at pc=0x0000022a6a140f2d]

Native frames: (J=compiled Java code, j=interpreted, Vv=VM code, C=native code)
V  [jvm.dll+0x62870a]
V  [jvm.dll+0x761f2f]
V  [jvm.dll+0x7635d9]
V  [jvm.dll+0x763bc5]
V  [jvm.dll+0x763b7b]
V  [jvm.dll+0x627c53]
V  [jvm.dll+0x628308]
C  [ntdll.dll+0xa20cf]
C  [ntdll.dll+0x51454]
C  [ntdll.dll+0xa0bfe]
C  0x0000022a6a140f2d

VM_Operation (0x000000aa4fbfc3b0): G1CollectForAllocation, mode: safepoint, requested by thread 0x0000022a0122a800


---------------  P R O C E S S  ---------------

Threads class SMR info:
_java_thread_list=0x0000022a05e85660, length=27, elements={
0x0000022a6135b800, 0x0000022a7f623800, 0x0000022a7f62c800, 0x0000022a00042800,
0x0000022a7f63a800, 0x0000022a7f63c800, 0x0000022a7f640000, 0x0000022a7f644800,
0x0000022a7f5b6000, 0x0000022a00a17800, 0x0000022a00ad1000, 0x0000022a01219800,
0x0000022a0122a800, 0x0000022a01624000, 0x0000022a01a2e800, 0x0000022a01cd3800,
0x0000022a001ca000, 0x0000022a042dc000, 0x0000022a03c30000, 0x0000022a000b5800,
0x0000022a011ba000, 0x0000022a011b9000, 0x0000022a011ba800, 0x0000022a011b8800,
0x0000022a05c8a000, 0x0000022a05c8f000, 0x0000022a05c8c800
}

Java Threads: ( => current thread )
  0x0000022a6135b800 JavaThread "main" [_thread_blocked, id=10464, stack(0x000000aa4e600000,0x000000aa4e700000)]
  0x0000022a7f623800 JavaThread "Reference Handler" daemon [_thread_blocked, id=6004, stack(0x000000aa4ed00000,0x000000aa4ee00000)]
  0x0000022a7f62c800 JavaThread "Finalizer" daemon [_thread_blocked, id=5864, stack(0x000000aa4ee00000,0x000000aa4ef00000)]
  0x0000022a00042800 JavaThread "Signal Dispatcher" daemon [_thread_blocked, id=15648, stack(0x000000aa4ef00000,0x000000aa4f000000)]
  0x0000022a7f63a800 JavaThread "Attach Listener" daemon [_thread_blocked, id=8248, stack(0x000000aa4f000000,0x000000aa4f100000)]
  0x0000022a7f63c800 JavaThread "Service Thread" daemon [_thread_blocked, id=11128, stack(0x000000aa4f100000,0x000000aa4f200000)]
  0x0000022a7f640000 JavaThread "C1 CompilerThread0" daemon [_thread_blocked, id=20080, stack(0x000000aa4f200000,0x000000aa4f300000)]
  0x0000022a7f644800 JavaThread "Sweeper thread" daemon [_thread_blocked, id=11832, stack(0x000000aa4f300000,0x000000aa4f400000)]
  0x0000022a7f5b6000 JavaThread "Common-Cleaner" daemon [_thread_blocked, id=24080, stack(0x000000aa4f400000,0x000000aa4f500000)]
  0x0000022a00a17800 JavaThread "Monitor Ctrl-Break" daemon [_thread_in_native, id=11552, stack(0x000000aa4f500000,0x000000aa4f600000)]
  0x0000022a00ad1000 JavaThread "RMI TCP Accept-0" daemon [_thread_in_native, id=15704, stack(0x000000aa4f800000,0x000000aa4f900000)]
  0x0000022a01219800 JavaThread "Thread-0" [_thread_blocked, id=22636, stack(0x000000aa4fa00000,0x000000aa4fb00000)]
  0x0000022a0122a800 JavaThread "restartedMain" [_thread_blocked, id=16312, stack(0x000000aa4fb00000,0x000000aa4fc00000)]
  0x0000022a01624000 JavaThread "RMI TCP Connection(2)-172.31.208.1" daemon [_thread_in_native, id=15180, stack(0x000000aa4fd00000,0x000000aa4fe00000)]
  0x0000022a01a2e800 JavaThread "RMI Scheduler(0)" daemon [_thread_blocked, id=9352, stack(0x000000aa4fe00000,0x000000aa4ff00000)]
  0x0000022a01cd3800 JavaThread "RMI TCP Connection(3)-172.31.208.1" daemon [_thread_in_native, id=9468, stack(0x000000aa4fc00000,0x000000aa4fd00000)]
  0x0000022a001ca000 JavaThread "AsyncReporter{RabbitMQSender{addresses=[localhost:5672], queue=zipkin}}" daemon [_thread_blocked, id=15656, stack(0x000000aa50100000,0x000000aa50200000)]
  0x0000022a042dc000 JavaThread "Catalina-utility-1" [_thread_blocked, id=19296, stack(0x000000aa50200000,0x000000aa50300000)]
  0x0000022a03c30000 JavaThread "Catalina-utility-2" [_thread_blocked, id=20500, stack(0x000000aa50300000,0x000000aa50400000)]
  0x0000022a000b5800 JavaThread "container-0" [_thread_blocked, id=13960, stack(0x000000aa50400000,0x000000aa50500000)]
  0x0000022a011ba000 JavaThread "mysql-cj-abandoned-connection-cleanup" daemon [_thread_blocked, id=19256, stack(0x000000aa50500000,0x000000aa50600000)]
  0x0000022a011b9000 JavaThread "HikariPool-1 housekeeper" daemon [_thread_blocked, id=21936, stack(0x000000aa50700000,0x000000aa50800000)]
  0x0000022a011ba800 JavaThread "HikariPool-1 connection adder" daemon [_thread_blocked, id=15080, stack(0x000000aa50800000,0x000000aa50900000)]
  0x0000022a011b8800 JavaThread "Thread-6" [_thread_blocked, id=8688, stack(0x000000aa50900000,0x000000aa50a00000)]
  0x0000022a05c8a000 JavaThread "Thread-7" [_thread_blocked, id=3648, stack(0x000000aa50a00000,0x000000aa50b00000)]
  0x0000022a05c8f000 JavaThread "File Watcher" daemon [_thread_blocked, id=1920, stack(0x000000aa50b00000,0x000000aa50c00000)]
  0x0000022a05c8c800 JavaThread "spring.cloud.inetutils" daemon [_thread_blocked, id=23376, stack(0x000000aa50c00000,0x000000aa50d00000)]

Other Threads:
=>0x0000022a7f5f9000 VMThread "VM Thread" [stack: 0x000000aa4ec00000,0x000000aa4ed00000] [id=17884]
  0x0000022a00ad2800 WatcherThread [stack: 0x000000aa4f900000,0x000000aa4fa00000] [id=15996]
  0x0000022a61371800 GCTaskThread "GC Thread#0" [stack: 0x000000aa4e700000,0x000000aa4e800000] [id=18236]
  0x0000022a00b66000 GCTaskThread "GC Thread#1" [stack: 0x000000aa4f600000,0x000000aa4f700000] [id=2044]
  0x0000022a01a8d000 GCTaskThread "GC Thread#2" [stack: 0x000000aa4ff00000,0x000000aa50000000] [id=21788]
  0x0000022a01a9b800 GCTaskThread "GC Thread#3" [stack: 0x000000aa50000000,0x000000aa50100000] [id=21436]
  0x0000022a61397800 ConcurrentGCThread "G1 Main Marker" [stack: 0x000000aa4e800000,0x000000aa4e900000] [id=8044]
  0x0000022a61398800 ConcurrentGCThread "G1 Conc#0" [stack: 0x000000aa4e900000,0x000000aa4ea00000] [id=23200]
  0x0000022a6140e000 ConcurrentGCThread "G1 Refine#0" [stack: 0x000000aa4ea00000,0x000000aa4eb00000] [id=6896]
  0x0000022a00256800 ConcurrentGCThread "G1 Refine#1" [stack: 0x000000aa4f700000,0x000000aa4f800000] [id=17972]
  0x0000022a6140f000 ConcurrentGCThread "G1 Young RemSet Sampling" [stack: 0x000000aa4eb00000,0x000000aa4ec00000] [id=17328]

Threads with active compile tasks:

VM state:at safepoint (normal execution)

VM Mutex/Monitor currently owned by a thread:  ([mutex/lock_event])
[0x0000022a61357c90] Threads_lock - owner thread: 0x0000022a7f5f9000
[0x0000022a61357f60] Heap_lock - owner thread: 0x0000022a0122a800

Heap address: 0x00000000a1000000, size: 1520 MB, Compressed Oops mode: 32-bit
Narrow klass base: 0x0000000000000000, Narrow klass shift: 3
Compressed class space size: 1073741824 Address: 0x0000000100000000

Heap:
 garbage-first heap   total 206848K, used 60675K [0x00000000a1000000, 0x0000000100000000)
  region size 1024K, 9 young (9216K), 9 survivors (9216K)
 Metaspace       used 69691K, capacity 71263K, committed 71376K, reserved 1112064K
  class space    used 8946K, capacity 9626K, committed 9676K, reserved 1048576K
Heap Regions: E=young(eden), S=young(survivor), O=old, HS=humongous(starts), HC=humongous(continues), CS=collection set, F=free, A=archive, TAMS=top-at-mark-start (previous, next)
|   0|0x00000000a1000000, 0x00000000a1100000, 0x00000000a1100000|100%|HS|  |TAMS 0x00000000a1100000, 0x00000000a1000000| Complete 
|   1|0x00000000a1100000, 0x00000000a1200000, 0x00000000a1200000|100%| O|  |TAMS 0x00000000a1200000, 0x00000000a1100000| Untracked 
|   2|0x00000000a1200000, 0x00000000a1300000, 0x00000000a1300000|100%| O|  |TAMS 0x00000000a1300000, 0x00000000a1200000| Untracked 
|   3|0x00000000a1300000, 0x00000000a1400000, 0x00000000a1400000|100%| O|  |TAMS 0x00000000a1400000, 0x00000000a1300000| Untracked 
|   4|0x00000000a1400000, 0x00000000a1500000, 0x00000000a1500000|100%| O|  |TAMS 0x00000000a1500000, 0x00000000a1400000| Untracked 
|   5|0x00000000a1500000, 0x00000000a1600000, 0x00000000a1600000|100%| O|  |TAMS 0x00000000a1600000, 0x00000000a1500000| Untracked 
|   6|0x00000000a1600000, 0x00000000a1700000, 0x00000000a1700000|100%| O|  |TAMS 0x00000000a1700000, 0x00000000a1600000| Untracked 
|   7|0x00000000a1700000, 0x00000000a1800000, 0x00000000a1800000|100%| O|  |TAMS 0x00000000a1800000, 0x00000000a1700000| Untracked 
|   8|0x00000000a1800000, 0x00000000a1900000, 0x00000000a1900000|100%| O|  |TAMS 0x00000000a1900000, 0x00000000a1800000| Untracked 
|   9|0x00000000a1900000, 0x00000000a1a00000, 0x00000000a1a00000|100%| O|  |TAMS 0x00000000a1a00000, 0x00000000a1900000| Untracked 
|  10|0x00000000a1a00000, 0x00000000a1b00000, 0x00000000a1b00000|100%| O|  |TAMS 0x00000000a1b00000, 0x00000000a1a00000| Untracked 
|  11|0x00000000a1b00000, 0x00000000a1c00000, 0x00000000a1c00000|100%| O|  |TAMS 0x00000000a1c00000, 0x00000000a1b00000| Untracked 
|  12|0x00000000a1c00000, 0x00000000a1d00000, 0x00000000a1d00000|100%| O|  |TAMS 0x00000000a1d00000, 0x00000000a1c00000| Untracked 
|  13|0x00000000a1d00000, 0x00000000a1e00000, 0x00000000a1e00000|100%| O|  |TAMS 0x00000000a1e00000, 0x00000000a1d00000| Untracked 
|  14|0x00000000a1e00000, 0x00000000a1f00000, 0x00000000a1f00000|100%| O|  |TAMS 0x00000000a1f00000, 0x00000000a1e00000| Untracked 
|  15|0x00000000a1f00000, 0x00000000a2000000, 0x00000000a2000000|100%| O|  |TAMS 0x00000000a2000000, 0x00000000a1f00000| Untracked 
|  16|0x00000000a2000000, 0x00000000a2100000, 0x00000000a2100000|100%| O|  |TAMS 0x00000000a2100000, 0x00000000a2000000| Untracked 
|  17|0x00000000a2100000, 0x00000000a2200000, 0x00000000a2200000|100%| O|  |TAMS 0x00000000a2200000, 0x00000000a2100000| Untracked 
|  18|0x00000000a2200000, 0x00000000a2300000, 0x00000000a2300000|100%| O|  |TAMS 0x00000000a2300000, 0x00000000a2200000| Untracked 
|  19|0x00000000a2300000, 0x00000000a2400000, 0x00000000a2400000|100%| O|  |TAMS 0x00000000a2400000, 0x00000000a2300000| Untracked 
|  20|0x00000000a2400000, 0x00000000a2500000, 0x00000000a2500000|100%| O|  |TAMS 0x00000000a2500000, 0x00000000a2400000| Untracked 
|  21|0x00000000a2500000, 0x00000000a2600000, 0x00000000a2600000|100%| O|  |TAMS 0x00000000a2600000, 0x00000000a2500000| Untracked 
|  22|0x00000000a2600000, 0x00000000a2700000, 0x00000000a2700000|100%| O|  |TAMS 0x00000000a2700000, 0x00000000a2600000| Untracked 
|  23|0x00000000a2700000, 0x00000000a2800000, 0x00000000a2800000|100%| O|  |TAMS 0x00000000a2800000, 0x00000000a2700000| Untracked 
|  24|0x00000000a2800000, 0x00000000a2900000, 0x00000000a2900000|100%| O|  |TAMS 0x00000000a2900000, 0x00000000a2800000| Untracked 
|  25|0x00000000a2900000, 0x00000000a2a00000, 0x00000000a2a00000|100%| O|  |TAMS 0x00000000a2a00000, 0x00000000a2900000| Untracked 
|  26|0x00000000a2a00000, 0x00000000a2b00000, 0x00000000a2b00000|100%| O|  |TAMS 0x00000000a2b00000, 0x00000000a2a00000| Untracked 
|  27|0x00000000a2b00000, 0x00000000a2c00000, 0x00000000a2c00000|100%| O|  |TAMS 0x00000000a2c00000, 0x00000000a2b00000| Untracked 
|  28|0x00000000a2c00000, 0x00000000a2d00000, 0x00000000a2d00000|100%| O|  |TAMS 0x00000000a2d00000, 0x00000000a2c00000| Untracked 
|  29|0x00000000a2d00000, 0x00000000a2e00000, 0x00000000a2e00000|100%| O|  |TAMS 0x00000000a2e00000, 0x00000000a2d00000| Untracked 
|  30|0x00000000a2e00000, 0x00000000a2f00000, 0x00000000a2f00000|100%| O|  |TAMS 0x00000000a2f00000, 0x00000000a2e00000| Untracked 
|  31|0x00000000a2f00000, 0x00000000a3000000, 0x00000000a3000000|100%| O|  |TAMS 0x00000000a3000000, 0x00000000a2f00000| Untracked 
|  32|0x00000000a3000000, 0x00000000a3100000, 0x00000000a3100000|100%| O|  |TAMS 0x00000000a3100000, 0x00000000a3000000| Untracked 
|  33|0x00000000a3100000, 0x00000000a3200000, 0x00000000a3200000|100%| O|  |TAMS 0x00000000a3200000, 0x00000000a3100000| Untracked 
|  34|0x00000000a3200000, 0x00000000a3300000, 0x00000000a3300000|100%| O|  |TAMS 0x00000000a3300000, 0x00000000a3200000| Untracked 
|  35|0x00000000a3300000, 0x00000000a3400000, 0x00000000a3400000|100%| O|  |TAMS 0x00000000a3400000, 0x00000000a3300000| Untracked 
|  36|0x00000000a3400000, 0x00000000a3500000, 0x00000000a3500000|100%| O|  |TAMS 0x00000000a3500000, 0x00000000a3400000| Untracked 
|  37|0x00000000a3500000, 0x00000000a3600000, 0x00000000a3600000|100%| O|  |TAMS 0x00000000a3533600, 0x00000000a3500000| Untracked 
|  38|0x00000000a3600000, 0x00000000a3700000, 0x00000000a3700000|100%| O|  |TAMS 0x00000000a3600000, 0x00000000a3600000| Untracked 
|  39|0x00000000a3700000, 0x00000000a3800000, 0x00000000a3800000|100%| O|  |TAMS 0x00000000a3700000, 0x00000000a3700000| Untracked 
|  40|0x00000000a3800000, 0x00000000a3900000, 0x00000000a3900000|100%| O|  |TAMS 0x00000000a3800000, 0x00000000a3800000| Untracked 
|  41|0x00000000a3900000, 0x00000000a3a00000, 0x00000000a3a00000|100%| O|  |TAMS 0x00000000a3900000, 0x00000000a3900000| Untracked 
|  42|0x00000000a3a00000, 0x00000000a3b00000, 0x00000000a3b00000|100%| O|  |TAMS 0x00000000a3a00000, 0x00000000a3a00000| Untracked 
|  43|0x00000000a3b00000, 0x00000000a3c00000, 0x00000000a3c00000|100%| O|  |TAMS 0x00000000a3b00000, 0x00000000a3b00000| Untracked 
|  44|0x00000000a3c00000, 0x00000000a3d00000, 0x00000000a3d00000|100%| O|  |TAMS 0x00000000a3c00000, 0x00000000a3c00000| Untracked 
|  45|0x00000000a3d00000, 0x00000000a3e00000, 0x00000000a3e00000|100%| O|  |TAMS 0x00000000a3d00000, 0x00000000a3d00000| Untracked 
|  46|0x00000000a3e00000, 0x00000000a3f00000, 0x00000000a3f00000|100%| O|  |TAMS 0x00000000a3e00000, 0x00000000a3e00000| Untracked 
|  47|0x00000000a3f00000, 0x00000000a4000000, 0x00000000a4000000|100%| O|  |TAMS 0x00000000a3f00000, 0x00000000a3f00000| Untracked 
|  48|0x00000000a4000000, 0x00000000a4100000, 0x00000000a4100000|100%| O|  |TAMS 0x00000000a4000000, 0x00000000a4000000| Untracked 
|  49|0x00000000a4100000, 0x00000000a4200000, 0x00000000a4200000|100%| O|  |TAMS 0x00000000a4100000, 0x00000000a4100000| Untracked 
|  50|0x00000000a4200000, 0x00000000a4285e00, 0x00000000a4300000| 52%| O|  |TAMS 0x00000000a4200000, 0x00000000a4200000| Untracked 
|  51|0x00000000a4300000, 0x00000000a4300000, 0x00000000a4400000|  0%| F|  |TAMS 0x00000000a4300000, 0x00000000a4300000| Untracked 
|  52|0x00000000a4400000, 0x00000000a4400000, 0x00000000a4500000|  0%| F|  |TAMS 0x00000000a4400000, 0x00000000a4400000| Untracked 
|  53|0x00000000a4500000, 0x00000000a4500000, 0x00000000a4600000|  0%| F|  |TAMS 0x00000000a4500000, 0x00000000a4500000| Untracked 
|  54|0x00000000a4600000, 0x00000000a4600000, 0x00000000a4700000|  0%| F|  |TAMS 0x00000000a4600000, 0x00000000a4600000| Untracked 
|  55|0x00000000a4700000, 0x00000000a4700000, 0x00000000a4800000|  0%| F|  |TAMS 0x00000000a4700000, 0x00000000a4700000| Untracked 
|  56|0x00000000a4800000, 0x00000000a4800000, 0x00000000a4900000|  0%| F|  |TAMS 0x00000000a4800000, 0x00000000a4800000| Untracked 
|  57|0x00000000a4900000, 0x00000000a4900000, 0x00000000a4a00000|  0%| F|  |TAMS 0x00000000a4900000, 0x00000000a4900000| Untracked 
|  58|0x00000000a4a00000, 0x00000000a4a00000, 0x00000000a4b00000|  0%| F|  |TAMS 0x00000000a4a00000, 0x00000000a4a00000| Untracked 
|  59|0x00000000a4b00000, 0x00000000a4b00000, 0x00000000a4c00000|  0%| F|  |TAMS 0x00000000a4b00000, 0x00000000a4b00000| Untracked 
|  60|0x00000000a4c00000, 0x00000000a4c00000, 0x00000000a4d00000|  0%| F|  |TAMS 0x00000000a4c00000, 0x00000000a4c00000| Untracked 
|  61|0x00000000a4d00000, 0x00000000a4d00000, 0x00000000a4e00000|  0%| F|  |TAMS 0x00000000a4d00000, 0x00000000a4d00000| Untracked 
|  62|0x00000000a4e00000, 0x00000000a4e00000, 0x00000000a4f00000|  0%| F|  |TAMS 0x00000000a4e00000, 0x00000000a4e00000| Untracked 
|  63|0x00000000a4f00000, 0x00000000a4f00000, 0x00000000a5000000|  0%| F|  |TAMS 0x00000000a4f00000, 0x00000000a4f00000| Untracked 
|  64|0x00000000a5000000, 0x00000000a5000000, 0x00000000a5100000|  0%| F|  |TAMS 0x00000000a5000000, 0x00000000a5000000| Untracked 
|  65|0x00000000a5100000, 0x00000000a5100000, 0x00000000a5200000|  0%| F|  |TAMS 0x00000000a5100000, 0x00000000a5100000| Untracked 
|  66|0x00000000a5200000, 0x00000000a5200000, 0x00000000a5300000|  0%| F|  |TAMS 0x00000000a5200000, 0x00000000a5200000| Untracked 
|  67|0x00000000a5300000, 0x00000000a5300000, 0x00000000a5400000|  0%| F|  |TAMS 0x00000000a5300000, 0x00000000a5300000| Untracked 
|  68|0x00000000a5400000, 0x00000000a5400000, 0x00000000a5500000|  0%| F|  |TAMS 0x00000000a5400000, 0x00000000a5400000| Untracked 
|  69|0x00000000a5500000, 0x00000000a5500000, 0x00000000a5600000|  0%| F|  |TAMS 0x00000000a5500000, 0x00000000a5500000| Untracked 
|  70|0x00000000a5600000, 0x00000000a56bb030, 0x00000000a5700000| 73%| S|CS|TAMS 0x00000000a5600000, 0x00000000a5600000| Complete 
|  71|0x00000000a5700000, 0x00000000a5800000, 0x00000000a5800000|100%| S|CS|TAMS 0x00000000a5700000, 0x00000000a5700000| Complete 
|  72|0x00000000a5800000, 0x00000000a5900000, 0x00000000a5900000|100%| S|CS|TAMS 0x00000000a5800000, 0x00000000a5800000| Complete 
|  73|0x00000000a5900000, 0x00000000a5a00000, 0x00000000a5a00000|100%| S|CS|TAMS 0x00000000a5900000, 0x00000000a5900000| Complete 
|  74|0x00000000a5a00000, 0x00000000a5b00000, 0x00000000a5b00000|100%| S|CS|TAMS 0x00000000a5a00000, 0x00000000a5a00000| Complete 
|  75|0x00000000a5b00000, 0x00000000a5c00000, 0x00000000a5c00000|100%| S|CS|TAMS 0x00000000a5b00000, 0x00000000a5b00000| Complete 
|  76|0x00000000a5c00000, 0x00000000a5d00000, 0x00000000a5d00000|100%| S|CS|TAMS 0x00000000a5c00000, 0x00000000a5c00000| Complete 
|  77|0x00000000a5d00000, 0x00000000a5e00000, 0x00000000a5e00000|100%| S|CS|TAMS 0x00000000a5d00000, 0x00000000a5d00000| Complete 
|  78|0x00000000a5e00000, 0x00000000a5e00000, 0x00000000a5f00000|  0%| F|  |TAMS 0x00000000a5e00000, 0x00000000a5e00000| Untracked 
|  79|0x00000000a5f00000, 0x00000000a5f00000, 0x00000000a6000000|  0%| F|  |TAMS 0x00000000a5f00000, 0x00000000a5f00000| Untracked 
|  80|0x00000000a6000000, 0x00000000a6000000, 0x00000000a6100000|  0%| F|  |TAMS 0x00000000a6000000, 0x00000000a6000000| Untracked 
|  81|0x00000000a6100000, 0x00000000a6100000, 0x00000000a6200000|  0%| F|  |TAMS 0x00000000a6100000, 0x00000000a6100000| Untracked 
|  82|0x00000000a6200000, 0x00000000a6200000, 0x00000000a6300000|  0%| F|  |TAMS 0x00000000a6200000, 0x00000000a6200000| Untracked 
|  83|0x00000000a6300000, 0x00000000a6300000, 0x00000000a6400000|  0%| F|  |TAMS 0x00000000a6300000, 0x00000000a6300000| Untracked 
|  84|0x00000000a6400000, 0x00000000a6400000, 0x00000000a6500000|  0%| F|  |TAMS 0x00000000a6400000, 0x00000000a6400000| Untracked 
|  85|0x00000000a6500000, 0x00000000a6600000, 0x00000000a6600000|100%| S|CS|TAMS 0x00000000a6500000, 0x00000000a6500000| Complete 
|  86|0x00000000a6600000, 0x00000000a6600000, 0x00000000a6700000|  0%| F|  |TAMS 0x00000000a6600000, 0x00000000a6600000| Untracked 
|  87|0x00000000a6700000, 0x00000000a6700000, 0x00000000a6800000|  0%| F|  |TAMS 0x00000000a6700000, 0x00000000a6700000| Untracked 
|  88|0x00000000a6800000, 0x00000000a6800000, 0x00000000a6900000|  0%| F|  |TAMS 0x00000000a6800000, 0x00000000a6800000| Untracked 
|  89|0x00000000a6900000, 0x00000000a6900000, 0x00000000a6a00000|  0%| F|  |TAMS 0x00000000a6900000, 0x00000000a6900000| Untracked 
|  90|0x00000000a6a00000, 0x00000000a6a00000, 0x00000000a6b00000|  0%| F|  |TAMS 0x00000000a6a00000, 0x00000000a6a00000| Untracked 
|  91|0x00000000a6b00000, 0x00000000a6b00000, 0x00000000a6c00000|  0%| F|  |TAMS 0x00000000a6b00000, 0x00000000a6b00000| Untracked 
|  92|0x00000000a6c00000, 0x00000000a6c00000, 0x00000000a6d00000|  0%| F|  |TAMS 0x00000000a6c00000, 0x00000000a6c00000| Untracked 
|  93|0x00000000a6d00000, 0x00000000a6d00000, 0x00000000a6e00000|  0%| F|  |TAMS 0x00000000a6d00000, 0x00000000a6d00000| Untracked 
|  94|0x00000000a6e00000, 0x00000000a6e00000, 0x00000000a6f00000|  0%| F|  |TAMS 0x00000000a6e00000, 0x00000000a6e00000| Untracked 
|  95|0x00000000a6f00000, 0x00000000a6f00000, 0x00000000a7000000|  0%| F|  |TAMS 0x00000000a6f00000, 0x00000000a6f00000| Untracked 
|  96|0x00000000a7000000, 0x00000000a7000000, 0x00000000a7100000|  0%| F|  |TAMS 0x00000000a7000000, 0x00000000a7000000| Untracked 
|  97|0x00000000a7100000, 0x00000000a7100000, 0x00000000a7200000|  0%| F|  |TAMS 0x00000000a7100000, 0x00000000a7100000| Untracked 
|  98|0x00000000a7200000, 0x00000000a7200000, 0x00000000a7300000|  0%| F|  |TAMS 0x00000000a7200000, 0x00000000a7200000| Untracked 
|  99|0x00000000a7300000, 0x00000000a7300000, 0x00000000a7400000|  0%| F|  |TAMS 0x00000000a7300000, 0x00000000a7300000| Untracked 
| 100|0x00000000a7400000, 0x00000000a7400000, 0x00000000a7500000|  0%| F|  |TAMS 0x00000000a7400000, 0x00000000a7400000| Untracked 
| 101|0x00000000a7500000, 0x00000000a7500000, 0x00000000a7600000|  0%| F|  |TAMS 0x00000000a7500000, 0x00000000a7500000| Untracked 
| 102|0x00000000a7600000, 0x00000000a7600000, 0x00000000a7700000|  0%| F|  |TAMS 0x00000000a7600000, 0x00000000a7600000| Untracked 
| 103|0x00000000a7700000, 0x00000000a7700000, 0x00000000a7800000|  0%| F|  |TAMS 0x00000000a7700000, 0x00000000a7700000| Untracked 
| 104|0x00000000a7800000, 0x00000000a7800000, 0x00000000a7900000|  0%| F|  |TAMS 0x00000000a7800000, 0x00000000a7800000| Untracked 
| 105|0x00000000a7900000, 0x00000000a7900000, 0x00000000a7a00000|  0%| F|  |TAMS 0x00000000a7900000, 0x00000000a7900000| Untracked 
| 106|0x00000000a7a00000, 0x00000000a7a00000, 0x00000000a7b00000|  0%| F|  |TAMS 0x00000000a7a00000, 0x00000000a7a00000| Untracked 
| 107|0x00000000a7b00000, 0x00000000a7b00000, 0x00000000a7c00000|  0%| F|  |TAMS 0x00000000a7b00000, 0x00000000a7b00000| Untracked 
| 108|0x00000000a7c00000, 0x00000000a7c00000, 0x00000000a7d00000|  0%| F|  |TAMS 0x00000000a7c00000, 0x00000000a7c00000| Untracked 
| 109|0x00000000a7d00000, 0x00000000a7d00000, 0x00000000a7e00000|  0%| F|  |TAMS 0x00000000a7d00000, 0x00000000a7d00000| Untracked 
| 110|0x00000000a7e00000, 0x00000000a7e00000, 0x00000000a7f00000|  0%| F|  |TAMS 0x00000000a7e00000, 0x00000000a7e00000| Untracked 
| 111|0x00000000a7f00000, 0x00000000a7f00000, 0x00000000a8000000|  0%| F|  |TAMS 0x00000000a7f00000, 0x00000000a7f00000| Untracked 
| 112|0x00000000a8000000, 0x00000000a8000000, 0x00000000a8100000|  0%| F|  |TAMS 0x00000000a8000000, 0x00000000a8000000| Untracked 
| 113|0x00000000a8100000, 0x00000000a8100000, 0x00000000a8200000|  0%| F|  |TAMS 0x00000000a8100000, 0x00000000a8100000| Untracked 
| 114|0x00000000a8200000, 0x00000000a8200000, 0x00000000a8300000|  0%| F|  |TAMS 0x00000000a8200000, 0x00000000a8200000| Untracked 
| 115|0x00000000a8300000, 0x00000000a8300000, 0x00000000a8400000|  0%| F|  |TAMS 0x00000000a8300000, 0x00000000a8300000| Untracked 
| 116|0x00000000a8400000, 0x00000000a8400000, 0x00000000a8500000|  0%| F|  |TAMS 0x00000000a8400000, 0x00000000a8400000| Untracked 
| 117|0x00000000a8500000, 0x00000000a8500000, 0x00000000a8600000|  0%| F|  |TAMS 0x00000000a8500000, 0x00000000a8500000| Untracked 
| 118|0x00000000a8600000, 0x00000000a8600000, 0x00000000a8700000|  0%| F|  |TAMS 0x00000000a8600000, 0x00000000a8600000| Untracked 
| 119|0x00000000a8700000, 0x00000000a8700000, 0x00000000a8800000|  0%| F|  |TAMS 0x00000000a8700000, 0x00000000a8700000| Untracked 
| 120|0x00000000a8800000, 0x00000000a8800000, 0x00000000a8900000|  0%| F|  |TAMS 0x00000000a8800000, 0x00000000a8800000| Untracked 
| 121|0x00000000a8900000, 0x00000000a8900000, 0x00000000a8a00000|  0%| F|  |TAMS 0x00000000a8900000, 0x00000000a8900000| Untracked 
| 122|0x00000000a8a00000, 0x00000000a8a00000, 0x00000000a8b00000|  0%| F|  |TAMS 0x00000000a8a00000, 0x00000000a8a00000| Untracked 
| 123|0x00000000a8b00000, 0x00000000a8b00000, 0x00000000a8c00000|  0%| F|  |TAMS 0x00000000a8b00000, 0x00000000a8b00000| Untracked 
| 124|0x00000000a8c00000, 0x00000000a8c00000, 0x00000000a8d00000|  0%| F|  |TAMS 0x00000000a8c00000, 0x00000000a8c00000| Untracked 
| 125|0x00000000a8d00000, 0x00000000a8d00000, 0x00000000a8e00000|  0%| F|  |TAMS 0x00000000a8d00000, 0x00000000a8d00000| Untracked 
| 126|0x00000000a8e00000, 0x00000000a8e00000, 0x00000000a8f00000|  0%| F|  |TAMS 0x00000000a8e00000, 0x00000000a8e00000| Untracked 
| 127|0x00000000a8f00000, 0x00000000a8f00000, 0x00000000a9000000|  0%| F|  |TAMS 0x00000000a8f00000, 0x00000000a8f00000| Untracked 
| 128|0x00000000a9000000, 0x00000000a9000000, 0x00000000a9100000|  0%| F|  |TAMS 0x00000000a9000000, 0x00000000a9000000| Untracked 
| 129|0x00000000a9100000, 0x00000000a9100000, 0x00000000a9200000|  0%| F|  |TAMS 0x00000000a9100000, 0x00000000a9100000| Untracked 
| 130|0x00000000a9200000, 0x00000000a9200000, 0x00000000a9300000|  0%| F|  |TAMS 0x00000000a9200000, 0x00000000a9200000| Untracked 
| 131|0x00000000a9300000, 0x00000000a9300000, 0x00000000a9400000|  0%| F|  |TAMS 0x00000000a9300000, 0x00000000a9300000| Untracked 
| 132|0x00000000a9400000, 0x00000000a9400000, 0x00000000a9500000|  0%| F|  |TAMS 0x00000000a9400000, 0x00000000a9400000| Untracked 
| 133|0x00000000a9500000, 0x00000000a9500000, 0x00000000a9600000|  0%| F|  |TAMS 0x00000000a9500000, 0x00000000a9500000| Untracked 
| 134|0x00000000a9600000, 0x00000000a9600000, 0x00000000a9700000|  0%| F|  |TAMS 0x00000000a9600000, 0x00000000a9600000| Untracked 
| 135|0x00000000a9700000, 0x00000000a9700000, 0x00000000a9800000|  0%| F|  |TAMS 0x00000000a9700000, 0x00000000a9700000| Untracked 
| 136|0x00000000a9800000, 0x00000000a9800000, 0x00000000a9900000|  0%| F|  |TAMS 0x00000000a9800000, 0x00000000a9800000| Untracked 
| 137|0x00000000a9900000, 0x00000000a9900000, 0x00000000a9a00000|  0%| F|  |TAMS 0x00000000a9900000, 0x00000000a9900000| Untracked 
| 138|0x00000000a9a00000, 0x00000000a9a00000, 0x00000000a9b00000|  0%| F|  |TAMS 0x00000000a9a00000, 0x00000000a9a00000| Untracked 
| 139|0x00000000a9b00000, 0x00000000a9b00000, 0x00000000a9c00000|  0%| F|  |TAMS 0x00000000a9b00000, 0x00000000a9b00000| Untracked 
| 140|0x00000000a9c00000, 0x00000000a9c00000, 0x00000000a9d00000|  0%| F|  |TAMS 0x00000000a9c00000, 0x00000000a9c00000| Untracked 
| 141|0x00000000a9d00000, 0x00000000a9d00000, 0x00000000a9e00000|  0%| F|  |TAMS 0x00000000a9d00000, 0x00000000a9d00000| Untracked 
| 142|0x00000000a9e00000, 0x00000000a9e00000, 0x00000000a9f00000|  0%| F|  |TAMS 0x00000000a9e00000, 0x00000000a9e00000| Untracked 
| 143|0x00000000a9f00000, 0x00000000a9f00000, 0x00000000aa000000|  0%| F|  |TAMS 0x00000000a9f00000, 0x00000000a9f00000| Untracked 
| 144|0x00000000aa000000, 0x00000000aa000000, 0x00000000aa100000|  0%| F|  |TAMS 0x00000000aa000000, 0x00000000aa000000| Untracked 
| 145|0x00000000aa100000, 0x00000000aa100000, 0x00000000aa200000|  0%| F|  |TAMS 0x00000000aa100000, 0x00000000aa100000| Untracked 
| 146|0x00000000aa200000, 0x00000000aa200000, 0x00000000aa300000|  0%| F|  |TAMS 0x00000000aa200000, 0x00000000aa200000| Untracked 
| 147|0x00000000aa300000, 0x00000000aa300000, 0x00000000aa400000|  0%| F|  |TAMS 0x00000000aa300000, 0x00000000aa300000| Untracked 
| 148|0x00000000aa400000, 0x00000000aa400000, 0x00000000aa500000|  0%| F|  |TAMS 0x00000000aa400000, 0x00000000aa400000| Untracked 
| 149|0x00000000aa500000, 0x00000000aa500000, 0x00000000aa600000|  0%| F|  |TAMS 0x00000000aa500000, 0x00000000aa500000| Untracked 
| 150|0x00000000aa600000, 0x00000000aa600000, 0x00000000aa700000|  0%| F|  |TAMS 0x00000000aa600000, 0x00000000aa600000| Untracked 
| 151|0x00000000aa700000, 0x00000000aa700000, 0x00000000aa800000|  0%| F|  |TAMS 0x00000000aa700000, 0x00000000aa700000| Untracked 
| 152|0x00000000aa800000, 0x00000000aa800000, 0x00000000aa900000|  0%| F|  |TAMS 0x00000000aa800000, 0x00000000aa800000| Untracked 
| 153|0x00000000aa900000, 0x00000000aa900000, 0x00000000aaa00000|  0%| F|  |TAMS 0x00000000aa900000, 0x00000000aa900000| Untracked 
| 154|0x00000000aaa00000, 0x00000000aaa00000, 0x00000000aab00000|  0%| F|  |TAMS 0x00000000aaa00000, 0x00000000aaa00000| Untracked 
| 155|0x00000000aab00000, 0x00000000aab00000, 0x00000000aac00000|  0%| F|  |TAMS 0x00000000aab00000, 0x00000000aab00000| Untracked 
| 156|0x00000000aac00000, 0x00000000aac00000, 0x00000000aad00000|  0%| F|  |TAMS 0x00000000aac00000, 0x00000000aac00000| Untracked 
| 157|0x00000000aad00000, 0x00000000aad00000, 0x00000000aae00000|  0%| F|  |TAMS 0x00000000aad00000, 0x00000000aad00000| Untracked 
| 158|0x00000000aae00000, 0x00000000aae00000, 0x00000000aaf00000|  0%| F|  |TAMS 0x00000000aae00000, 0x00000000aae00000| Untracked 
| 159|0x00000000aaf00000, 0x00000000aaf00000, 0x00000000ab000000|  0%| F|  |TAMS 0x00000000aaf00000, 0x00000000aaf00000| Untracked 
| 160|0x00000000ab000000, 0x00000000ab000000, 0x00000000ab100000|  0%| F|  |TAMS 0x00000000ab000000, 0x00000000ab000000| Untracked 
| 161|0x00000000ab100000, 0x00000000ab100000, 0x00000000ab200000|  0%| F|  |TAMS 0x00000000ab100000, 0x00000000ab100000| Untracked 
| 162|0x00000000ab200000, 0x00000000ab200000, 0x00000000ab300000|  0%| F|  |TAMS 0x00000000ab200000, 0x00000000ab200000| Untracked 
| 163|0x00000000ab300000, 0x00000000ab300000, 0x00000000ab400000|  0%| F|  |TAMS 0x00000000ab300000, 0x00000000ab300000| Untracked 
| 164|0x00000000ab400000, 0x00000000ab400000, 0x00000000ab500000|  0%| F|  |TAMS 0x00000000ab400000, 0x00000000ab400000| Untracked 
| 165|0x00000000ab500000, 0x00000000ab500000, 0x00000000ab600000|  0%| F|  |TAMS 0x00000000ab500000, 0x00000000ab500000| Untracked 
| 166|0x00000000ab600000, 0x00000000ab600000, 0x00000000ab700000|  0%| F|  |TAMS 0x00000000ab600000, 0x00000000ab600000| Untracked 
| 167|0x00000000ab700000, 0x00000000ab700000, 0x00000000ab800000|  0%| F|  |TAMS 0x00000000ab700000, 0x00000000ab700000| Untracked 

Card table byte_map: [0x0000022a79a70000,0x0000022a79d70000] _byte_map_base: 0x0000022a79568000

Marking Bits (Prev, Next): (CMBitMap*) 0x0000022a61390890, (CMBitMap*) 0x0000022a61390858
 Prev Bits: [0x0000022a7b830000, 0x0000022a7cff0000)
 Next Bits: [0x0000022a7a070000, 0x0000022a7b830000)

Polling page: 0x0000022a61130000

Metaspace:

Usage:
  Non-class:     60.19 MB capacity,    59.32 MB ( 99%) used,   701.41 KB (  1%) free+waste,   191.00 KB ( <1%) overhead. 
      Class:      9.40 MB capacity,     8.74 MB ( 93%) used,   585.31 KB (  6%) free+waste,    94.19 KB ( <1%) overhead. 
       Both:     69.59 MB capacity,    68.06 MB ( 98%) used,     1.26 MB (  2%) free+waste,   285.19 KB ( <1%) overhead. 

Virtual space:
  Non-class space:       62.00 MB reserved,      60.25 MB ( 97%) committed 
      Class space:        1.00 GB reserved,       9.45 MB ( <1%) committed 
             Both:        1.06 GB reserved,      69.70 MB (  6%) committed 

Chunk freelists:
   Non-Class:  7.88 KB
       Class:  768 bytes
        Both:  8.63 KB

CodeHeap 'non-profiled nmethods': size=238912Kb used=12190Kb max_used=12190Kb free=226721Kb
 bounds [0x0000022a6a7f0000, 0x0000022a6b3e0000, 0x0000022a79140000]
CodeHeap 'non-nmethods': size=6848Kb used=1238Kb max_used=1238Kb free=5609Kb
 bounds [0x0000022a6a140000, 0x0000022a6a3b0000, 0x0000022a6a7f0000]
 total_blobs=7862 nmethods=7243 adapters=545
 compilation: enabled
              stopped_count=0, restarted_count=0
 full_count=0

Compilation events (10 events):
Event: 21.718 Thread 0x0000022a7f640000 7239       1       org.springframework.cloud.sleuth.instrument.async.ExecutorBeanPostProcessor::postProcessBeforeInitialization (2 bytes)
Event: 21.718 Thread 0x0000022a7f640000 nmethod 7239 0x0000022a6b3d5990 code [0x0000022a6b3d5b20, 0x0000022a6b3d5bd8]
Event: 21.718 Thread 0x0000022a7f640000 7240       1       org.springframework.cloud.sleuth.instrument.messaging.SleuthRabbitBeanPostProcessor::postProcessBeforeInitialization (40 bytes)
Event: 21.719 Thread 0x0000022a7f640000 nmethod 7240 0x0000022a6b3d5c90 code [0x0000022a6b3d5e80, 0x0000022a6b3d6258]
Event: 21.719 Thread 0x0000022a7f640000 7241       1       org.springframework.integration.dsl.context.IntegrationFlowBeanPostProcessor::postProcessBeforeInitialization (52 bytes)
Event: 21.719 Thread 0x0000022a7f640000 nmethod 7241 0x0000022a6b3d6410 code [0x0000022a6b3d65e0, 0x0000022a6b3d68a8]
Event: 21.720 Thread 0x0000022a7f640000 7242       1       java.util.stream.Collectors::toList (26 bytes)
Event: 21.721 Thread 0x0000022a7f640000 nmethod 7242 0x0000022a6b3d6a10 code [0x0000022a6b3d6bc0, 0x0000022a6b3d6d28]
Event: 21.748 Thread 0x0000022a7f640000 7243   !   1       org.springframework.beans.factory.support.DefaultSingletonBeanRegistry::registerDependentBean (115 bytes)
Event: 21.748 Thread 0x0000022a7f640000 nmethod 7243 0x0000022a6b3d6e10 code [0x0000022a6b3d7000, 0x0000022a6b3d7668]

GC Heap History (10 events):
Event: 17.667 GC heap after
{Heap after GC invocations=25 (full 0):
 garbage-first heap   total 143360K, used 46677K [0x00000000a1000000, 0x0000000100000000)
  region size 1024K, 7 young (7168K), 7 survivors (7168K)
 Metaspace       used 62266K, capacity 63725K, committed 63952K, reserved 1105920K
  class space    used 8037K, capacity 8605K, committed 8652K, reserved 1048576K
}
Event: 17.855 GC heap before
{Heap before GC invocations=25 (full 0):
 garbage-first heap   total 143360K, used 116309K [0x00000000a1000000, 0x0000000100000000)
  region size 1024K, 75 young (76800K), 7 survivors (7168K)
 Metaspace       used 62604K, capacity 64109K, committed 64336K, reserved 1105920K
  class space    used 8070K, capacity 8669K, committed 8780K, reserved 1048576K
}
Event: 17.869 GC heap after
{Heap after GC invocations=26 (full 0):
 garbage-first heap   total 172032K, used 49611K [0x00000000a1000000, 0x0000000100000000)
  region size 1024K, 8 young (8192K), 8 survivors (8192K)
 Metaspace       used 62604K, capacity 64109K, committed 64336K, reserved 1105920K
  class space    used 8070K, capacity 8669K, committed 8780K, reserved 1048576K
}
Event: 18.029 GC heap before
{Heap before GC invocations=26 (full 0):
 garbage-first heap   total 172032K, used 129483K [0x00000000a1000000, 0x0000000100000000)
  region size 1024K, 86 young (88064K), 8 survivors (8192K)
 Metaspace       used 62873K, capacity 64307K, committed 64592K, reserved 1105920K
  class space    used 8096K, capacity 8670K, committed 8780K, reserved 1048576K
}
Event: 18.041 GC heap after
{Heap after GC invocations=27 (full 0):
 garbage-first heap   total 172032K, used 51892K [0x00000000a1000000, 0x0000000100000000)
  region size 1024K, 8 young (8192K), 8 survivors (8192K)
 Metaspace       used 62873K, capacity 64307K, committed 64592K, reserved 1105920K
  class space    used 8096K, capacity 8670K, committed 8780K, reserved 1048576K
}
Event: 18.836 GC heap before
{Heap before GC invocations=27 (full 0):
 garbage-first heap   total 172032K, used 135860K [0x00000000a1000000, 0x0000000100000000)
  region size 1024K, 90 young (92160K), 8 survivors (8192K)
 Metaspace       used 66104K, capacity 67621K, committed 67792K, reserved 1107968K
  class space    used 8449K, capacity 9037K, committed 9164K, reserved 1048576K
}
Event: 18.849 GC heap after
{Heap after GC invocations=28 (full 0):
 garbage-first heap   total 172032K, used 54484K [0x00000000a1000000, 0x0000000100000000)
  region size 1024K, 8 young (8192K), 8 survivors (8192K)
 Metaspace       used 66104K, capacity 67621K, committed 67792K, reserved 1107968K
  class space    used 8449K, capacity 9037K, committed 9164K, reserved 1048576K
}
Event: 19.779 GC heap before
{Heap before GC invocations=28 (full 0):
 garbage-first heap   total 172032K, used 139476K [0x00000000a1000000, 0x0000000100000000)
  region size 1024K, 91 young (93184K), 8 survivors (8192K)
 Metaspace       used 68095K, capacity 69714K, committed 69840K, reserved 1110016K
  class space    used 8719K, capacity 9390K, committed 9420K, reserved 1048576K
}
Event: 19.793 GC heap after
{Heap after GC invocations=29 (full 0):
 garbage-first heap   total 172032K, used 57556K [0x00000000a1000000, 0x0000000100000000)
  region size 1024K, 8 young (8192K), 8 survivors (8192K)
 Metaspace       used 68095K, capacity 69714K, committed 69840K, reserved 1110016K
  class space    used 8719K, capacity 9390K, committed 9420K, reserved 1048576K
}
Event: 21.757 GC heap before
{Heap before GC invocations=29 (full 0):
 garbage-first heap   total 172032K, used 141524K [0x00000000a1000000, 0x0000000100000000)
  region size 1024K, 90 young (92160K), 8 survivors (8192K)
 Metaspace       used 69691K, capacity 71263K, committed 71376K, reserved 1112064K
  class space    used 8946K, capacity 9626K, committed 9676K, reserved 1048576K
}

Deoptimization events (0 events):
No events

Classes redefined (0 events):
No events

Internal exceptions (10 events):
Event: 20.308 Thread 0x0000022a0122a800 Exception <a 'java/lang/ClassNotFoundException'{0x00000000a873dfc8}: org/springframework/integration/support/DefaultMessageBuilderFactoryCustomizer> (0x00000000a873dfc8) thrown at [./open/src/hotspot/share/classfile/systemDictionary.cpp, line 227]
Event: 20.309 Thread 0x0000022a0122a800 Exception <a 'java/lang/ClassNotFoundException'{0x00000000a8762698}: org/springframework/integration/support/MessageBuilderFactoryCustomizer> (0x00000000a8762698) thrown at [./open/src/hotspot/share/classfile/systemDictionary.cpp, line 227]
Event: 20.373 Thread 0x0000022a0122a800 Exception <a 'java/lang/ClassNotFoundException'{0x00000000a8234300}: java/lang/ObjectCustomizer> (0x00000000a8234300) thrown at [./open/src/hotspot/share/classfile/systemDictionary.cpp, line 227]
Event: 20.374 Thread 0x0000022a0122a800 Exception <a 'java/lang/ClassNotFoundException'{0x00000000a82501a8}: org/springframework/cloud/bus/BusAutoConfigurationCustomizer> (0x00000000a82501a8) thrown at [./open/src/hotspot/share/classfile/systemDictionary.cpp, line 227]
Event: 20.375 Thread 0x0000022a0122a800 Exception <a 'java/lang/ClassNotFoundException'{0x00000000a82745b0}: org/springframework/cloud/bus/BusAutoConfiguration$$EnhancerBySpringCGLIB$$de848cbaCustomizer> (0x00000000a82745b0) thrown at [./open/src/hotspot/share/classfile/systemDictionary.cpp, li
Event: 20.376 Thread 0x0000022a0122a800 Exception <a 'java/lang/ClassNotFoundException'{0x00000000a829b3d0}: org/springframework/context/annotation/ConfigurationClassEnhancer$EnhancedConfigurationCustomizer> (0x00000000a829b3d0) thrown at [./open/src/hotspot/share/classfile/systemDictionary.cpp
Event: 20.377 Thread 0x0000022a0122a800 Exception <a 'java/lang/ClassNotFoundException'{0x00000000a82b41b0}: org/springframework/beans/factory/BeanFactoryAwareCustomizer> (0x00000000a82b41b0) thrown at [./open/src/hotspot/share/classfile/systemDictionary.cpp, line 227]
Event: 20.377 Thread 0x0000022a0122a800 Exception <a 'java/lang/ClassNotFoundException'{0x00000000a82cadb0}: org/springframework/beans/factory/AwareCustomizer> (0x00000000a82cadb0) thrown at [./open/src/hotspot/share/classfile/systemDictionary.cpp, line 227]
Event: 20.378 Thread 0x0000022a0122a800 Exception <a 'java/lang/ClassNotFoundException'{0x00000000a82e5688}: org/springframework/context/ApplicationEventPublisherAwareCustomizer> (0x00000000a82e5688) thrown at [./open/src/hotspot/share/classfile/systemDictionary.cpp, line 227]
Event: 20.379 Thread 0x0000022a0122a800 Exception <a 'java/lang/ClassNotFoundException'{0x00000000a82fc4d0}: org/springframework/beans/factory/AwareCustomizer> (0x00000000a82fc4d0) thrown at [./open/src/hotspot/share/classfile/systemDictionary.cpp, line 227]

Events (10 events):
Event: 21.717 loading class com/netflix/loadbalancer/IRule done
Event: 21.717 loading class com/netflix/loadbalancer/ServerListFilter
Event: 21.717 loading class com/netflix/loadbalancer/ServerListFilter done
Event: 21.730 loading class org/springframework/http/client/AsyncClientHttpRequestExecution
Event: 21.730 loading class org/springframework/http/client/AsyncClientHttpRequestExecution done
Event: 21.735 loading class org/springframework/cloud/client/loadbalancer/AsyncLoadBalancerAutoConfiguration$LoadBalancerInterceptorConfig$1
Event: 21.735 loading class org/springframework/cloud/client/loadbalancer/AsyncLoadBalancerAutoConfiguration$LoadBalancerInterceptorConfig$1 done
Event: 21.750 loading class org/springframework/cloud/client/loadbalancer/AsyncLoadBalancerAutoConfiguration$AsyncRestTemplateCustomizerConfig$1
Event: 21.750 loading class org/springframework/cloud/client/loadbalancer/AsyncLoadBalancerAutoConfiguration$AsyncRestTemplateCustomizerConfig$1 done
Event: 21.757 Executing VM operation: G1CollectForAllocation


Dynamic libraries:
0x00007ff6ce3a0000 - 0x00007ff6ce3af000 	C:\Program Files\Java\jdk-11.0.13\bin\java.exe
0x00007ffd43a70000 - 0x00007ffd43c65000 	C:\Windows\SYSTEM32\ntdll.dll
0x00007ffd41b30000 - 0x00007ffd41bee000 	C:\Windows\System32\KERNEL32.DLL
0x00007ffd41460000 - 0x00007ffd41728000 	C:\Windows\System32\KERNELBASE.dll
0x00007ffd41200000 - 0x00007ffd41300000 	C:\Windows\System32\ucrtbase.dll
0x00007ffd170b0000 - 0x00007ffd170c8000 	C:\Program Files\Java\jdk-11.0.13\bin\jli.dll
0x00007ffd183b0000 - 0x00007ffd183c5000 	C:\Program Files\Java\jdk-11.0.13\bin\VCRUNTIME140.dll
0x00007ffd42e70000 - 0x00007ffd42f1e000 	C:\Windows\System32\ADVAPI32.dll
0x00007ffd42f50000 - 0x00007ffd42fee000 	C:\Windows\System32\msvcrt.dll
0x00007ffd43930000 - 0x00007ffd439cc000 	C:\Windows\System32\sechost.dll
0x00007ffd43550000 - 0x00007ffd43675000 	C:\Windows\System32\RPCRT4.dll
0x00007ffd432c0000 - 0x00007ffd43460000 	C:\Windows\System32\USER32.dll
0x00007ffd41940000 - 0x00007ffd41962000 	C:\Windows\System32\win32u.dll
0x00007ffd42f20000 - 0x00007ffd42f4a000 	C:\Windows\System32\GDI32.dll
0x00007ffd41300000 - 0x00007ffd4140b000 	C:\Windows\System32\gdi32full.dll
0x00007ffd41870000 - 0x00007ffd4190d000 	C:\Windows\System32\msvcp_win.dll
0x00007ffd2b1c0000 - 0x00007ffd2b45a000 	C:\Windows\WinSxS\amd64_microsoft.windows.common-controls_6595b64144ccf1df_6.0.19041.1110_none_60b5254171f9507e\COMCTL32.dll
0x00007ffd3a5b0000 - 0x00007ffd3a5ba000 	C:\Windows\SYSTEM32\VERSION.dll
0x00007ffd43460000 - 0x00007ffd43490000 	C:\Windows\System32\IMM32.DLL
0x00007ffd133d0000 - 0x00007ffd1346b000 	C:\Program Files\Java\jdk-11.0.13\bin\msvcp140.dll
0x00007ffcdea50000 - 0x00007ffcdf563000 	C:\Program Files\Java\jdk-11.0.13\bin\server\jvm.dll
0x00007ffd43680000 - 0x00007ffd43688000 	C:\Windows\System32\PSAPI.DLL
0x00007ffd3ccb0000 - 0x00007ffd3ccb9000 	C:\Windows\SYSTEM32\WSOCK32.dll
0x00007ffd42ff0000 - 0x00007ffd4305b000 	C:\Windows\System32\WS2_32.dll
0x00007ffd370e0000 - 0x00007ffd37107000 	C:\Windows\SYSTEM32\WINMM.dll
0x00007ffd3f070000 - 0x00007ffd3f082000 	C:\Windows\SYSTEM32\kernel.appcore.dll
0x00007ffd2beb0000 - 0x00007ffd2bec0000 	C:\Program Files\Java\jdk-11.0.13\bin\verify.dll
0x00007ffd2c8d0000 - 0x00007ffd2cab4000 	C:\Windows\SYSTEM32\DBGHELP.DLL
0x00007ffd26750000 - 0x00007ffd2677c000 	C:\Windows\SYSTEM32\dbgcore.DLL
0x00007ffd417e0000 - 0x00007ffd41862000 	C:\Windows\System32\bcryptPrimitives.dll
0x00007ffd13c10000 - 0x00007ffd13c38000 	C:\Program Files\Java\jdk-11.0.13\bin\java.dll
0x00007ffd2bde0000 - 0x00007ffd2bdea000 	C:\Program Files\Java\jdk-11.0.13\bin\jimage.dll
0x00007ffd2be10000 - 0x00007ffd2be1e000 	C:\Program Files\Java\jdk-11.0.13\bin\instrument.dll
0x00007ffd17070000 - 0x00007ffd17086000 	C:\Program Files\Java\jdk-11.0.13\bin\zip.dll
0x00007ffd42220000 - 0x00007ffd42964000 	C:\Windows\System32\SHELL32.dll
0x00007ffd3f270000 - 0x00007ffd3fa04000 	C:\Windows\SYSTEM32\windows.storage.dll
0x00007ffd42b10000 - 0x00007ffd42e64000 	C:\Windows\System32\combase.dll
0x00007ffd40a50000 - 0x00007ffd40a7c000 	C:\Windows\SYSTEM32\Wldp.dll
0x00007ffd42a00000 - 0x00007ffd42aad000 	C:\Windows\System32\SHCORE.dll
0x00007ffd439d0000 - 0x00007ffd43a25000 	C:\Windows\System32\shlwapi.dll
0x00007ffd410d0000 - 0x00007ffd410ef000 	C:\Windows\SYSTEM32\profapi.dll
0x00007ffd15960000 - 0x00007ffd15979000 	C:\Program Files\Java\jdk-11.0.13\bin\net.dll
0x00007ffd324c0000 - 0x00007ffd325ca000 	C:\Windows\SYSTEM32\WINHTTP.dll
0x00007ffd40830000 - 0x00007ffd4089a000 	C:\Windows\system32\mswsock.dll
0x00007ffd15580000 - 0x00007ffd15592000 	C:\Program Files\Java\jdk-11.0.13\bin\nio.dll
0x00007ffd14140000 - 0x00007ffd1415a000 	C:\Program Files\JetBrains\IntelliJ IDEA 2021.3\bin\breakgen64.dll
0x00007ffd40580000 - 0x00007ffd4064b000 	C:\Windows\SYSTEM32\DNSAPI.dll
0x00007ffd40540000 - 0x00007ffd4057b000 	C:\Windows\SYSTEM32\IPHLPAPI.DLL
0x00007ffd43540000 - 0x00007ffd43548000 	C:\Windows\System32\NSI.dll
0x00007ffd30ae0000 - 0x00007ffd30aea000 	C:\Windows\System32\rasadhlp.dll
0x00007ffd31420000 - 0x00007ffd3149f000 	C:\Windows\System32\fwpuclnt.dll
0x00007ffd41910000 - 0x00007ffd41937000 	C:\Windows\System32\bcrypt.dll
0x00007ffd3b9d0000 - 0x00007ffd3b9d9000 	C:\Program Files\Java\jdk-11.0.13\bin\management.dll
0x00007ffd3b9c0000 - 0x00007ffd3b9cb000 	C:\Program Files\Java\jdk-11.0.13\bin\management_ext.dll
0x00007ffd40a90000 - 0x00007ffd40aa8000 	C:\Windows\SYSTEM32\CRYPTSP.dll
0x00007ffd401d0000 - 0x00007ffd40204000 	C:\Windows\system32\rsaenh.dll
0x00007ffd41090000 - 0x00007ffd410be000 	C:\Windows\SYSTEM32\USERENV.dll
0x00007ffd409c0000 - 0x00007ffd409cc000 	C:\Windows\SYSTEM32\CRYPTBASE.dll
0x00007ffd39040000 - 0x00007ffd39057000 	C:\Windows\SYSTEM32\dhcpcsvc6.DLL
0x00007ffd39020000 - 0x00007ffd3903d000 	C:\Windows\SYSTEM32\dhcpcsvc.DLL
0x00007ffd24590000 - 0x00007ffd245a7000 	C:\Windows\system32\napinsp.dll
0x00007ffd24570000 - 0x00007ffd2458b000 	C:\Windows\system32\pnrpnsp.dll
0x00007ffd24550000 - 0x00007ffd24565000 	C:\Windows\system32\wshbth.dll
0x00007ffd3cad0000 - 0x00007ffd3caed000 	C:\Windows\system32\NLAapi.dll
0x00007ffd240a0000 - 0x00007ffd240b2000 	C:\Windows\System32\winrnr.dll

dbghelp: loaded successfully - version: 4.0.5 - missing functions: none
symbol engine: initialized successfully - sym options: 0x614 - pdb path: .;C:\Program Files\Java\jdk-11.0.13\bin;C:\Windows\SYSTEM32;C:\Windows\WinSxS\amd64_microsoft.windows.common-controls_6595b64144ccf1df_6.0.19041.1110_none_60b5254171f9507e;C:\Program Files\Java\jdk-11.0.13\bin\server;C:\Program Files\JetBrains\IntelliJ IDEA 2021.3\bin

VM Arguments:
jvm_args: -XX:TieredStopAtLevel=1 -Xverify:none -Dspring.output.ansi.enabled=always -javaagent:C:\Program Files\JetBrains\IntelliJ IDEA 2021.3\lib\idea_rt.jar=51435:C:\Program Files\JetBrains\IntelliJ IDEA 2021.3\bin -Dcom.sun.management.jmxremote -Dspring.jmx.enabled=true -Dspring.liveBeansView.mbeanDomain -Dspring.application.admin.enabled=true -Dfile.encoding=UTF-8 
java_command: relevebancaire.workflow.activiti.ActivitiWorkflowBootloader
java_class_path (initial): C:\Users\Nuklearka\Desktop\PFE\microservice-relevebancaire-activiti-workflow\target\classes;C:\Users\Nuklearka\.m2\repository\org\springframework\cloud\spring-cloud-starter-sleuth\2.1.3.RELEASE\spring-cloud-starter-sleuth-2.1.3.RELEASE.jar;C:\Users\Nuklearka\.m2\repository\org\springframework\cloud\spring-cloud-starter\2.1.3.RELEASE\spring-cloud-starter-2.1.3.RELEASE.jar;C:\Users\Nuklearka\.m2\repository\org\springframework\cloud\spring-cloud-context\2.1.3.RELEASE\spring-cloud-context-2.1.3.RELEASE.jar;C:\Users\Nuklearka\.m2\repository\org\springframework\security\spring-security-rsa\1.0.7.RELEASE\spring-security-rsa-1.0.7.RELEASE.jar;C:\Users\Nuklearka\.m2\repository\org\bouncycastle\bcpkix-jdk15on\1.60\bcpkix-jdk15on-1.60.jar;C:\Users\Nuklearka\.m2\repository\org\bouncycastle\bcprov-jdk15on\1.60\bcprov-jdk15on-1.60.jar;C:\Users\Nuklearka\.m2\repository\org\springframework\boot\spring-boot-starter-aop\2.1.3.RELEASE\spring-boot-starter-aop-2.1.3.RELEASE.jar;C:\Users\Nuklearka\.m2\repository\org\springframework\spring-aop\5.1.5.RELEASE\spring-aop-5.1.5.RELEASE.jar;C:\Users\Nuklearka\.m2\repository\org\aspectj\aspectjweaver\1.9.2\aspectjweaver-1.9.2.jar;C:\Users\Nuklearka\.m2\repository\org\springframework\cloud\spring-cloud-sleuth-core\2.1.3.RELEASE\spring-cloud-sleuth-core-2.1.3.RELEASE.jar;C:\Users\Nuklearka\.m2\repository\org\springframework\spring-context\5.1.5.RELEASE\spring-context-5.1.5.RELEASE.jar;C:\Users\Nuklearka\.m2\repository\org\aspectj\aspectjrt\1.9.2\aspectjrt-1.9.2.jar;C:\Users\Nuklearka\.m2\repository\io\zipkin\brave\brave\5.7.0\brave-5.7.0.jar;C:\Users\Nuklearka\.m2\repository\io\zipkin\brave\brave-context-log4j2\5.7.0\brave-context-log4j2-5.7.0.jar;C:\Users\Nuklearka\.m2\repository\io\zipkin\brave\brave-instrumentation-spring-web\5.7.0\brave-instrumentation-spring-web-5.7.0.jar;C:\Users\Nuklearka\.m2\repository\io\zipkin\brave\brave-instrumentation-http\5.7.0\brave-instrumentation-http-5.7.0.jar;C:\Users\Nuklearka\.m2\
Launcher Type: SUN_STANDARD

[Global flags]
     bool BytecodeVerificationLocal                = false                                     {product} {command line}
     bool BytecodeVerificationRemote               = false                                     {product} {command line}
     intx CICompilerCount                          = 3                                         {product} {ergonomic}
     uint ConcGCThreads                            = 1                                         {product} {ergonomic}
     uint G1ConcRefinementThreads                  = 4                                         {product} {ergonomic}
   size_t G1HeapRegionSize                         = 1048576                                   {product} {ergonomic}
    uintx GCDrainStackTargetSize                   = 64                                        {product} {ergonomic}
   size_t InitialHeapSize                          = 100663296                                 {product} {ergonomic}
     bool ManagementServer                         = true                                      {product} {command line}
   size_t MarkStackSize                            = 4194304                                   {product} {ergonomic}
   size_t MaxHeapSize                              = 1593835520                                {product} {ergonomic}
   size_t MaxNewSize                               = 956301312                                 {product} {ergonomic}
   size_t MinHeapDeltaBytes                        = 1048576                                   {product} {ergonomic}
    uintx NonNMethodCodeHeapSize                   = 6973028                                {pd product} {ergonomic}
    uintx NonProfiledCodeHeapSize                  = 244685212                              {pd product} {ergonomic}
    uintx ProfiledCodeHeapSize                     = 0                                      {pd product} {ergonomic}
    uintx ReservedCodeCacheSize                    = 251658240                              {pd product} {ergonomic}
     bool SegmentedCodeCache                       = true                                      {product} {ergonomic}
     intx TieredStopAtLevel                        = 1                                         {product} {command line}
     bool UseCompressedClassPointers               = true                                 {lp64_product} {ergonomic}
     bool UseCompressedOops                        = true                                 {lp64_product} {ergonomic}
     bool UseG1GC                                  = true                                      {product} {ergonomic}
     bool UseLargePagesIndividualAllocation        = false                                  {pd product} {ergonomic}

Logging:
Log output configuration:
 #0: stdout all=warning uptime,level,tags
 #1: stderr all=off uptime,level,tags

Environment Variables:
JAVA_HOME=C:\Program Files\Java\jdk-11.0.13
CLASSPATH=C:\Program Files\Java\jdk-11.0.13\lib
PATH=C:\Program Files (x86)\Common Files\Oracle\Java\javapath;C:\Python27\;C:\Python27\Scripts;C:\Windows\system32;C:\Windows;C:\Windows\System32\Wbem;C:\Windows\System32\WindowsPowerShell\v1.0\;C:\Windows\System32\OpenSSH\;C:\Program Files\nodejs\;C:\Program Files\Git\cmd;C:\Program Files\Java\jdk-11.0.13\bin;C:\opt\apache-maven-3.8.4\bin;C:\Program Files\Java\jdk-11.0.13\bin;C:\Program Files\JetBrains\IntelliJ IDEA 2021.3\bin;C:\sonar-scanner-4.7.0.2747-windows\bin;;C:\Program Files\Docker\Docker\resources\bin;C:\ProgramData\DockerDesktop\version-bin;C:\Program Files\Java\jdk-11.0.13\bin;C:\Users\Nuklearka\AppData\Roaming\npm;C:\Users\Nuklearka\AppData\Roaming\npm\node_modules\@angular\cli\bin;C:\Users\Nuklearka\AppData\Local\Programs\Microsoft VS Code\bin;C:\Program Files\JetBrains\IntelliJ IDEA 2021.3\bin;
USERNAME=Nuklearka
OS=Windows_NT
PROCESSOR_IDENTIFIER=AMD64 Family 23 Model 24 Stepping 1, AuthenticAMD



---------------  S Y S T E M  ---------------

OS: Windows 10 , 64 bit Build 19041 (10.0.19041.1645)
Hyper-V role detected

CPU:total 4 (initial active 4) (4 cores per cpu, 2 threads per core) family 23 model 24 stepping 1 microcode 0x0, cmov, cx8, fxsr, mmx, sse, sse2, sse3, ssse3, sse4.1, sse4.2, popcnt, avx, avx2, aes, clmul, mmxext, 3dnowpref, lzcnt, sse4a, ht, tsc, tscinvbit, tscinv, bmi1, bmi2, adx, s

Memory: 4k page, system-wide physical 6077M (394M free)
TotalPageFile size 24509M (AvailPageFile size 18M)
current process WorkingSet (physical memory assigned to process): 320M, peak: 320M
current process commit charge ("private bytes"): 360M, peak: 394M

vm_info: Java HotSpot(TM) 64-Bit Server VM (11.0.13+10-LTS-370) for windows-amd64 JRE (11.0.13+10-LTS-370), built on Sep 15 2021 22:10:36 by "mach5one" with MS VC++ 15.9 (VS2017)

END.
