#
# There is insufficient memory for the Java Runtime Environment to continue.
# Native memory allocation (mmap) failed to map 25165824 bytes for Failed to commit area from 0x00000000a8400000 to 0x00000000a9c00000 of length 25165824.
# Possible reasons:
#   The system is out of physical RAM or swap space
#   The process is running with CompressedOops enabled, and the Java Heap may be blocking the growth of the native heap
# Possible solutions:
#   Reduce memory load on the system
#   Increase physical memory or swap space
#   Check if swap backing store is full
#   Decrease Java heap size (-Xmx/-Xms)
#   Decrease number of Java threads
#   Decrease Java thread stack sizes (-Xss)
#   Set larger code cache with -XX:ReservedCodeCacheSize=
#   JVM is running with Unscaled Compressed Oops mode in which the Java heap is
#     placed in the first 4GB address space. The Java Heap base address is the
#     maximum limit for the native heap growth. Please use -XX:HeapBaseMinAddress
#     to set the Java Heap base and to place the Java Heap above 4GB virtual address.
# This output file may be truncated or incomplete.
#
#  Out of Memory Error (./open/src/hotspot/os/windows/os_windows.cpp:3276), pid=20032, tid=17648
#
# JRE version: Java(TM) SE Runtime Environment 18.9 (11.0.13+10) (build 11.0.13+10-LTS-370)
# Java VM: Java HotSpot(TM) 64-Bit Server VM 18.9 (11.0.13+10-LTS-370, mixed mode, tiered, compressed oops, g1 gc, windows-amd64)
# No core dump will be written. Minidumps are not enabled by default on client versions of Windows
#

---------------  S U M M A R Y ------------

Command Line: -XX:TieredStopAtLevel=1 -Xverify:none -Dspring.output.ansi.enabled=always -javaagent:C:\Program Files\JetBrains\IntelliJ IDEA 2021.3\lib\idea_rt.jar=61314:C:\Program Files\JetBrains\IntelliJ IDEA 2021.3\bin -Dcom.sun.management.jmxremote -Dspring.jmx.enabled=true -Dspring.liveBeansView.mbeanDomain -Dspring.application.admin.enabled=true -Dfile.encoding=UTF-8 relevebancaire.workflow.activiti.ActivitiWorkflowBootloader

Host: AMD Ryzen 3 3200U with Radeon Vega Mobile Gfx  , 4 cores, 5G,  Windows 10 , 64 bit Build 19041 (10.0.19041.1645)
Time: Fri Apr 29 06:16:47 2022 Morocco Standard Time elapsed time: 10.875989 seconds (0d 0h 0m 10s)

---------------  T H R E A D  ---------------

Current thread (0x000001511ca24800):  VMThread "VM Thread" [stack: 0x0000001b38a00000,0x0000001b38b00000] [id=17648]

Stack: [0x0000001b38a00000,0x0000001b38b00000]
[error occurred during error reporting (printing stack bounds), id 0xc0000005, EXCEPTION_ACCESS_VIOLATION (0xc0000005) at pc=0x0000015107570f2d]

Native frames: (J=compiled Java code, j=interpreted, Vv=VM code, C=native code)
V  [jvm.dll+0x62870a]
V  [jvm.dll+0x761f2f]
V  [jvm.dll+0x7635d9]
V  [jvm.dll+0x763bc5]
V  [jvm.dll+0x763b7b]
V  [jvm.dll+0x627c53]
V  [jvm.dll+0x628308]
C  [ntdll.dll+0xa20cf]
C  [ntdll.dll+0x51454]
C  [ntdll.dll+0xa0bfe]
C  0x0000015107570f2d

VM_Operation (0x0000001b398fbcd0): G1CollectForAllocation, mode: safepoint, requested by thread 0x000001511e861800


---------------  P R O C E S S  ---------------

Threads class SMR info:
_java_thread_list=0x0000015121351950, length=15, elements={
0x000001517882d800, 0x000001511ca5d800, 0x000001511ca4a800, 0x000001511d3f2800,
0x000001511ca57000, 0x000001511ca59000, 0x000001511ca6b800, 0x000001511ca70800,
0x000001511d4e9000, 0x000001511ddcb800, 0x000001511df50800, 0x000001511ebbd800,
0x000001511e861800, 0x000001511e856000, 0x000001511e90e800
}

Java Threads: ( => current thread )
  0x000001517882d800 JavaThread "main" [_thread_blocked, id=17588, stack(0x0000001b38400000,0x0000001b38500000)]
  0x000001511ca5d800 JavaThread "Reference Handler" daemon [_thread_blocked, id=9276, stack(0x0000001b38b00000,0x0000001b38c00000)]
  0x000001511ca4a800 JavaThread "Finalizer" daemon [_thread_blocked, id=20652, stack(0x0000001b38c00000,0x0000001b38d00000)]
  0x000001511d3f2800 JavaThread "Signal Dispatcher" daemon [_thread_blocked, id=21592, stack(0x0000001b38d00000,0x0000001b38e00000)]
  0x000001511ca57000 JavaThread "Attach Listener" daemon [_thread_blocked, id=22164, stack(0x0000001b38e00000,0x0000001b38f00000)]
  0x000001511ca59000 JavaThread "Service Thread" daemon [_thread_blocked, id=5696, stack(0x0000001b38f00000,0x0000001b39000000)]
  0x000001511ca6b800 JavaThread "C1 CompilerThread0" daemon [_thread_blocked, id=19396, stack(0x0000001b39000000,0x0000001b39100000)]
  0x000001511ca70800 JavaThread "Sweeper thread" daemon [_thread_blocked, id=21368, stack(0x0000001b39100000,0x0000001b39200000)]
  0x000001511d4e9000 JavaThread "Common-Cleaner" daemon [_thread_blocked, id=5876, stack(0x0000001b39200000,0x0000001b39300000)]
  0x000001511ddcb800 JavaThread "Monitor Ctrl-Break" daemon [_thread_in_native, id=17780, stack(0x0000001b39300000,0x0000001b39400000)]
  0x000001511df50800 JavaThread "RMI TCP Accept-0" daemon [_thread_in_native, id=18276, stack(0x0000001b39500000,0x0000001b39600000)]
  0x000001511ebbd800 JavaThread "Thread-0" [_thread_blocked, id=5548, stack(0x0000001b39700000,0x0000001b39800000)]
  0x000001511e861800 JavaThread "restartedMain" [_thread_blocked, id=20756, stack(0x0000001b39800000,0x0000001b39900000)]
  0x000001511e856000 JavaThread "RMI TCP Connection(1)-172.31.208.1" daemon [_thread_in_native, id=19076, stack(0x0000001b39a00000,0x0000001b39b00000)]
  0x000001511e90e800 JavaThread "RMI Scheduler(0)" daemon [_thread_blocked, id=22252, stack(0x0000001b39b00000,0x0000001b39c00000)]

Other Threads:
=>0x000001511ca24800 VMThread "VM Thread" [stack: 0x0000001b38a00000,0x0000001b38b00000] [id=17648]
  0x000001511df3d000 WatcherThread [stack: 0x0000001b39600000,0x0000001b39700000] [id=11880]
  0x0000015178842000 GCTaskThread "GC Thread#0" [stack: 0x0000001b38500000,0x0000001b38600000] [id=14920]
  0x000001511df03800 GCTaskThread "GC Thread#1" [stack: 0x0000001b39400000,0x0000001b39500000] [id=19512]
  0x000001511eb1d800 GCTaskThread "GC Thread#2" [stack: 0x0000001b39c00000,0x0000001b39d00000] [id=14388]
  0x000001511eb4e000 GCTaskThread "GC Thread#3" [stack: 0x0000001b39d00000,0x0000001b39e00000] [id=23332]
  0x0000015178867000 ConcurrentGCThread "G1 Main Marker" [stack: 0x0000001b38600000,0x0000001b38700000] [id=16044]
  0x0000015178869800 ConcurrentGCThread "G1 Conc#0" [stack: 0x0000001b38700000,0x0000001b38800000] [id=22832]
  0x00000151788da000 ConcurrentGCThread "G1 Refine#0" [stack: 0x0000001b38800000,0x0000001b38900000] [id=5512]
  0x00000151788db000 ConcurrentGCThread "G1 Young RemSet Sampling" [stack: 0x0000001b38900000,0x0000001b38a00000] [id=12516]

Threads with active compile tasks:

VM state:at safepoint (normal execution)

VM Mutex/Monitor currently owned by a thread:  ([mutex/lock_event])
[0x0000015178828860] Threads_lock - owner thread: 0x000001511ca24800
[0x0000015178828350] Heap_lock - owner thread: 0x000001511e861800

Heap address: 0x00000000a1000000, size: 1520 MB, Compressed Oops mode: 32-bit
Narrow klass base: 0x0000000000000000, Narrow klass shift: 3
Compressed class space size: 1073741824 Address: 0x0000000100000000

Heap:
 garbage-first heap   total 143360K, used 35609K [0x00000000a1000000, 0x0000000100000000)
  region size 1024K, 3 young (3072K), 3 survivors (3072K)
 Metaspace       used 44529K, capacity 45747K, committed 45904K, reserved 1089536K
  class space    used 5596K, capacity 6050K, committed 6144K, reserved 1048576K
Heap Regions: E=young(eden), S=young(survivor), O=old, HS=humongous(starts), HC=humongous(continues), CS=collection set, F=free, A=archive, TAMS=top-at-mark-start (previous, next)
|   0|0x00000000a1000000, 0x00000000a1100000, 0x00000000a1100000|100%|HS|  |TAMS 0x00000000a1100000, 0x00000000a1000000| Complete 
|   1|0x00000000a1100000, 0x00000000a1200000, 0x00000000a1200000|100%| O|  |TAMS 0x00000000a1200000, 0x00000000a1100000| Untracked 
|   2|0x00000000a1200000, 0x00000000a1300000, 0x00000000a1300000|100%| O|  |TAMS 0x00000000a1300000, 0x00000000a1200000| Untracked 
|   3|0x00000000a1300000, 0x00000000a1400000, 0x00000000a1400000|100%| O|  |TAMS 0x00000000a1400000, 0x00000000a1300000| Untracked 
|   4|0x00000000a1400000, 0x00000000a1500000, 0x00000000a1500000|100%| O|  |TAMS 0x00000000a1500000, 0x00000000a1400000| Untracked 
|   5|0x00000000a1500000, 0x00000000a1600000, 0x00000000a1600000|100%| O|  |TAMS 0x00000000a1600000, 0x00000000a1500000| Untracked 
|   6|0x00000000a1600000, 0x00000000a1700000, 0x00000000a1700000|100%| O|  |TAMS 0x00000000a1700000, 0x00000000a1600000| Untracked 
|   7|0x00000000a1700000, 0x00000000a1800000, 0x00000000a1800000|100%| O|  |TAMS 0x00000000a1800000, 0x00000000a1700000| Untracked 
|   8|0x00000000a1800000, 0x00000000a1900000, 0x00000000a1900000|100%| O|  |TAMS 0x00000000a1900000, 0x00000000a1800000| Untracked 
|   9|0x00000000a1900000, 0x00000000a1a00000, 0x00000000a1a00000|100%| O|  |TAMS 0x00000000a1a00000, 0x00000000a1900000| Untracked 
|  10|0x00000000a1a00000, 0x00000000a1b00000, 0x00000000a1b00000|100%| O|  |TAMS 0x00000000a1b00000, 0x00000000a1a00000| Untracked 
|  11|0x00000000a1b00000, 0x00000000a1c00000, 0x00000000a1c00000|100%| O|  |TAMS 0x00000000a1c00000, 0x00000000a1b00000| Untracked 
|  12|0x00000000a1c00000, 0x00000000a1d00000, 0x00000000a1d00000|100%| O|  |TAMS 0x00000000a1d00000, 0x00000000a1c00000| Untracked 
|  13|0x00000000a1d00000, 0x00000000a1e00000, 0x00000000a1e00000|100%| O|  |TAMS 0x00000000a1e00000, 0x00000000a1d00000| Untracked 
|  14|0x00000000a1e00000, 0x00000000a1f00000, 0x00000000a1f00000|100%| O|  |TAMS 0x00000000a1f00000, 0x00000000a1e00000| Untracked 
|  15|0x00000000a1f00000, 0x00000000a2000000, 0x00000000a2000000|100%| O|  |TAMS 0x00000000a2000000, 0x00000000a1f00000| Untracked 
|  16|0x00000000a2000000, 0x00000000a2100000, 0x00000000a2100000|100%| O|  |TAMS 0x00000000a201c600, 0x00000000a2000000| Untracked 
|  17|0x00000000a2100000, 0x00000000a2200000, 0x00000000a2200000|100%| O|  |TAMS 0x00000000a2100000, 0x00000000a2100000| Untracked 
|  18|0x00000000a2200000, 0x00000000a2300000, 0x00000000a2300000|100%| O|  |TAMS 0x00000000a2200000, 0x00000000a2200000| Untracked 
|  19|0x00000000a2300000, 0x00000000a2400000, 0x00000000a2400000|100%| O|  |TAMS 0x00000000a2300000, 0x00000000a2300000| Untracked 
|  20|0x00000000a2400000, 0x00000000a2500000, 0x00000000a2500000|100%| O|  |TAMS 0x00000000a2400000, 0x00000000a2400000| Untracked 
|  21|0x00000000a2500000, 0x00000000a2600000, 0x00000000a2600000|100%| O|  |TAMS 0x00000000a2500000, 0x00000000a2500000| Untracked 
|  22|0x00000000a2600000, 0x00000000a2700000, 0x00000000a2700000|100%| O|  |TAMS 0x00000000a2600000, 0x00000000a2600000| Untracked 
|  23|0x00000000a2700000, 0x00000000a2800000, 0x00000000a2800000|100%| O|  |TAMS 0x00000000a2700000, 0x00000000a2700000| Untracked 
|  24|0x00000000a2800000, 0x00000000a2900000, 0x00000000a2900000|100%| O|  |TAMS 0x00000000a2800000, 0x00000000a2800000| Untracked 
|  25|0x00000000a2900000, 0x00000000a2a00000, 0x00000000a2a00000|100%| O|  |TAMS 0x00000000a2900000, 0x00000000a2900000| Untracked 
|  26|0x00000000a2a00000, 0x00000000a2b00000, 0x00000000a2b00000|100%| O|  |TAMS 0x00000000a2a00000, 0x00000000a2a00000| Untracked 
|  27|0x00000000a2b00000, 0x00000000a2c00000, 0x00000000a2c00000|100%| O|  |TAMS 0x00000000a2b00000, 0x00000000a2b00000| Untracked 
|  28|0x00000000a2c00000, 0x00000000a2d00000, 0x00000000a2d00000|100%| O|  |TAMS 0x00000000a2c00000, 0x00000000a2c00000| Untracked 
|  29|0x00000000a2d00000, 0x00000000a2e00000, 0x00000000a2e00000|100%| O|  |TAMS 0x00000000a2d00000, 0x00000000a2d00000| Untracked 
|  30|0x00000000a2e00000, 0x00000000a2f00000, 0x00000000a2f00000|100%| O|  |TAMS 0x00000000a2e00000, 0x00000000a2e00000| Untracked 
|  31|0x00000000a2f00000, 0x00000000a2fc6400, 0x00000000a3000000| 77%| O|  |TAMS 0x00000000a2f00000, 0x00000000a2f00000| Untracked 
|  32|0x00000000a3000000, 0x00000000a3000000, 0x00000000a3100000|  0%| F|  |TAMS 0x00000000a3000000, 0x00000000a3000000| Untracked 
|  33|0x00000000a3100000, 0x00000000a3100000, 0x00000000a3200000|  0%| F|  |TAMS 0x00000000a3100000, 0x00000000a3100000| Untracked 
|  34|0x00000000a3200000, 0x00000000a3200000, 0x00000000a3300000|  0%| F|  |TAMS 0x00000000a3200000, 0x00000000a3200000| Untracked 
|  35|0x00000000a3300000, 0x00000000a3300000, 0x00000000a3400000|  0%| F|  |TAMS 0x00000000a3300000, 0x00000000a3300000| Untracked 
|  36|0x00000000a3400000, 0x00000000a3400000, 0x00000000a3500000|  0%| F|  |TAMS 0x00000000a3400000, 0x00000000a3400000| Untracked 
|  37|0x00000000a3500000, 0x00000000a3500000, 0x00000000a3600000|  0%| F|  |TAMS 0x00000000a3500000, 0x00000000a3500000| Untracked 
|  38|0x00000000a3600000, 0x00000000a3600000, 0x00000000a3700000|  0%| F|  |TAMS 0x00000000a3600000, 0x00000000a3600000| Untracked 
|  39|0x00000000a3700000, 0x00000000a3700000, 0x00000000a3800000|  0%| F|  |TAMS 0x00000000a3700000, 0x00000000a3700000| Untracked 
|  40|0x00000000a3800000, 0x00000000a3800000, 0x00000000a3900000|  0%| F|  |TAMS 0x00000000a3800000, 0x00000000a3800000| Untracked 
|  41|0x00000000a3900000, 0x00000000a3900000, 0x00000000a3a00000|  0%| F|  |TAMS 0x00000000a3900000, 0x00000000a3900000| Untracked 
|  42|0x00000000a3a00000, 0x00000000a3a00000, 0x00000000a3b00000|  0%| F|  |TAMS 0x00000000a3a00000, 0x00000000a3a00000| Untracked 
|  43|0x00000000a3b00000, 0x00000000a3b00000, 0x00000000a3c00000|  0%| F|  |TAMS 0x00000000a3b00000, 0x00000000a3b00000| Untracked 
|  44|0x00000000a3c00000, 0x00000000a3c00000, 0x00000000a3d00000|  0%| F|  |TAMS 0x00000000a3c00000, 0x00000000a3c00000| Untracked 
|  45|0x00000000a3d00000, 0x00000000a3d00000, 0x00000000a3e00000|  0%| F|  |TAMS 0x00000000a3d00000, 0x00000000a3d00000| Untracked 
|  46|0x00000000a3e00000, 0x00000000a3e00000, 0x00000000a3f00000|  0%| F|  |TAMS 0x00000000a3e00000, 0x00000000a3e00000| Untracked 
|  47|0x00000000a3f00000, 0x00000000a3f00000, 0x00000000a4000000|  0%| F|  |TAMS 0x00000000a3f00000, 0x00000000a3f00000| Untracked 
|  48|0x00000000a4000000, 0x00000000a4000000, 0x00000000a4100000|  0%| F|  |TAMS 0x00000000a4000000, 0x00000000a4000000| Untracked 
|  49|0x00000000a4100000, 0x00000000a4100000, 0x00000000a4200000|  0%| F|  |TAMS 0x00000000a4100000, 0x00000000a4100000| Untracked 
|  50|0x00000000a4200000, 0x00000000a4200000, 0x00000000a4300000|  0%| F|  |TAMS 0x00000000a4200000, 0x00000000a4200000| Untracked 
|  51|0x00000000a4300000, 0x00000000a4300000, 0x00000000a4400000|  0%| F|  |TAMS 0x00000000a4300000, 0x00000000a4300000| Untracked 
|  52|0x00000000a4400000, 0x00000000a4400000, 0x00000000a4500000|  0%| F|  |TAMS 0x00000000a4400000, 0x00000000a4400000| Untracked 
|  53|0x00000000a4500000, 0x00000000a4500000, 0x00000000a4600000|  0%| F|  |TAMS 0x00000000a4500000, 0x00000000a4500000| Untracked 
|  54|0x00000000a4600000, 0x00000000a4600000, 0x00000000a4700000|  0%| F|  |TAMS 0x00000000a4600000, 0x00000000a4600000| Untracked 
|  55|0x00000000a4700000, 0x00000000a4700000, 0x00000000a4800000|  0%| F|  |TAMS 0x00000000a4700000, 0x00000000a4700000| Untracked 
|  56|0x00000000a4800000, 0x00000000a4800000, 0x00000000a4900000|  0%| F|  |TAMS 0x00000000a4800000, 0x00000000a4800000| Untracked 
|  57|0x00000000a4900000, 0x00000000a4a00000, 0x00000000a4a00000|100%| S|CS|TAMS 0x00000000a4900000, 0x00000000a4900000| Complete 
|  58|0x00000000a4a00000, 0x00000000a4b00000, 0x00000000a4b00000|100%| S|CS|TAMS 0x00000000a4a00000, 0x00000000a4a00000| Complete 
|  59|0x00000000a4b00000, 0x00000000a4b00000, 0x00000000a4c00000|  0%| F|  |TAMS 0x00000000a4b00000, 0x00000000a4b00000| Untracked 
|  60|0x00000000a4c00000, 0x00000000a4c00000, 0x00000000a4d00000|  0%| F|  |TAMS 0x00000000a4c00000, 0x00000000a4c00000| Untracked 
|  61|0x00000000a4d00000, 0x00000000a4d00000, 0x00000000a4e00000|  0%| F|  |TAMS 0x00000000a4d00000, 0x00000000a4d00000| Untracked 
|  62|0x00000000a4e00000, 0x00000000a4f00000, 0x00000000a4f00000|100%| S|CS|TAMS 0x00000000a4e00000, 0x00000000a4e00000| Complete 
|  63|0x00000000a4f00000, 0x00000000a4f00000, 0x00000000a5000000|  0%| F|  |TAMS 0x00000000a4f00000, 0x00000000a4f00000| Untracked 
|  64|0x00000000a5000000, 0x00000000a5000000, 0x00000000a5100000|  0%| F|  |TAMS 0x00000000a5000000, 0x00000000a5000000| Untracked 
|  65|0x00000000a5100000, 0x00000000a5100000, 0x00000000a5200000|  0%| F|  |TAMS 0x00000000a5100000, 0x00000000a5100000| Untracked 
|  66|0x00000000a5200000, 0x00000000a5200000, 0x00000000a5300000|  0%| F|  |TAMS 0x00000000a5200000, 0x00000000a5200000| Untracked 
|  67|0x00000000a5300000, 0x00000000a5300000, 0x00000000a5400000|  0%| F|  |TAMS 0x00000000a5300000, 0x00000000a5300000| Untracked 
|  68|0x00000000a5400000, 0x00000000a5400000, 0x00000000a5500000|  0%| F|  |TAMS 0x00000000a5400000, 0x00000000a5400000| Untracked 
|  69|0x00000000a5500000, 0x00000000a5500000, 0x00000000a5600000|  0%| F|  |TAMS 0x00000000a5500000, 0x00000000a5500000| Untracked 
|  70|0x00000000a5600000, 0x00000000a5600000, 0x00000000a5700000|  0%| F|  |TAMS 0x00000000a5600000, 0x00000000a5600000| Untracked 
|  71|0x00000000a5700000, 0x00000000a5700000, 0x00000000a5800000|  0%| F|  |TAMS 0x00000000a5700000, 0x00000000a5700000| Untracked 
|  72|0x00000000a5800000, 0x00000000a5800000, 0x00000000a5900000|  0%| F|  |TAMS 0x00000000a5800000, 0x00000000a5800000| Untracked 
|  73|0x00000000a5900000, 0x00000000a5900000, 0x00000000a5a00000|  0%| F|  |TAMS 0x00000000a5900000, 0x00000000a5900000| Untracked 
|  74|0x00000000a5a00000, 0x00000000a5a00000, 0x00000000a5b00000|  0%| F|  |TAMS 0x00000000a5a00000, 0x00000000a5a00000| Untracked 
|  75|0x00000000a5b00000, 0x00000000a5b00000, 0x00000000a5c00000|  0%| F|  |TAMS 0x00000000a5b00000, 0x00000000a5b00000| Untracked 
|  76|0x00000000a5c00000, 0x00000000a5c00000, 0x00000000a5d00000|  0%| F|  |TAMS 0x00000000a5c00000, 0x00000000a5c00000| Untracked 
|  77|0x00000000a5d00000, 0x00000000a5d00000, 0x00000000a5e00000|  0%| F|  |TAMS 0x00000000a5d00000, 0x00000000a5d00000| Untracked 
|  78|0x00000000a5e00000, 0x00000000a5e00000, 0x00000000a5f00000|  0%| F|  |TAMS 0x00000000a5e00000, 0x00000000a5e00000| Untracked 
|  79|0x00000000a5f00000, 0x00000000a5f00000, 0x00000000a6000000|  0%| F|  |TAMS 0x00000000a5f00000, 0x00000000a5f00000| Untracked 
|  80|0x00000000a6000000, 0x00000000a6000000, 0x00000000a6100000|  0%| F|  |TAMS 0x00000000a6000000, 0x00000000a6000000| Untracked 
|  81|0x00000000a6100000, 0x00000000a6100000, 0x00000000a6200000|  0%| F|  |TAMS 0x00000000a6100000, 0x00000000a6100000| Untracked 
|  82|0x00000000a6200000, 0x00000000a6200000, 0x00000000a6300000|  0%| F|  |TAMS 0x00000000a6200000, 0x00000000a6200000| Untracked 
|  83|0x00000000a6300000, 0x00000000a6300000, 0x00000000a6400000|  0%| F|  |TAMS 0x00000000a6300000, 0x00000000a6300000| Untracked 
|  84|0x00000000a6400000, 0x00000000a6400000, 0x00000000a6500000|  0%| F|  |TAMS 0x00000000a6400000, 0x00000000a6400000| Untracked 
|  85|0x00000000a6500000, 0x00000000a6500000, 0x00000000a6600000|  0%| F|  |TAMS 0x00000000a6500000, 0x00000000a6500000| Untracked 
|  86|0x00000000a6600000, 0x00000000a6600000, 0x00000000a6700000|  0%| F|  |TAMS 0x00000000a6600000, 0x00000000a6600000| Untracked 
|  87|0x00000000a6700000, 0x00000000a6700000, 0x00000000a6800000|  0%| F|  |TAMS 0x00000000a6700000, 0x00000000a6700000| Untracked 
|  88|0x00000000a6800000, 0x00000000a6800000, 0x00000000a6900000|  0%| F|  |TAMS 0x00000000a6800000, 0x00000000a6800000| Untracked 
|  89|0x00000000a6900000, 0x00000000a6900000, 0x00000000a6a00000|  0%| F|  |TAMS 0x00000000a6900000, 0x00000000a6900000| Untracked 
|  90|0x00000000a6a00000, 0x00000000a6a00000, 0x00000000a6b00000|  0%| F|  |TAMS 0x00000000a6a00000, 0x00000000a6a00000| Untracked 
|  91|0x00000000a6b00000, 0x00000000a6b00000, 0x00000000a6c00000|  0%| F|  |TAMS 0x00000000a6b00000, 0x00000000a6b00000| Untracked 
|  92|0x00000000a6c00000, 0x00000000a6c00000, 0x00000000a6d00000|  0%| F|  |TAMS 0x00000000a6c00000, 0x00000000a6c00000| Untracked 
|  93|0x00000000a6d00000, 0x00000000a6d00000, 0x00000000a6e00000|  0%| F|  |TAMS 0x00000000a6d00000, 0x00000000a6d00000| Untracked 
|  94|0x00000000a6e00000, 0x00000000a6e00000, 0x00000000a6f00000|  0%| F|  |TAMS 0x00000000a6e00000, 0x00000000a6e00000| Untracked 
|  95|0x00000000a6f00000, 0x00000000a6f00000, 0x00000000a7000000|  0%| F|  |TAMS 0x00000000a6f00000, 0x00000000a6f00000| Untracked 
|  96|0x00000000a7000000, 0x00000000a7000000, 0x00000000a7100000|  0%| F|  |TAMS 0x00000000a7000000, 0x00000000a7000000| Untracked 
|  97|0x00000000a7100000, 0x00000000a7100000, 0x00000000a7200000|  0%| F|  |TAMS 0x00000000a7100000, 0x00000000a7100000| Untracked 
|  98|0x00000000a7200000, 0x00000000a7200000, 0x00000000a7300000|  0%| F|  |TAMS 0x00000000a7200000, 0x00000000a7200000| Untracked 
|  99|0x00000000a7300000, 0x00000000a7300000, 0x00000000a7400000|  0%| F|  |TAMS 0x00000000a7300000, 0x00000000a7300000| Untracked 
| 100|0x00000000a7400000, 0x00000000a7400000, 0x00000000a7500000|  0%| F|  |TAMS 0x00000000a7400000, 0x00000000a7400000| Untracked 
| 101|0x00000000a7500000, 0x00000000a7500000, 0x00000000a7600000|  0%| F|  |TAMS 0x00000000a7500000, 0x00000000a7500000| Untracked 
| 102|0x00000000a7600000, 0x00000000a7600000, 0x00000000a7700000|  0%| F|  |TAMS 0x00000000a7600000, 0x00000000a7600000| Untracked 
| 103|0x00000000a7700000, 0x00000000a7700000, 0x00000000a7800000|  0%| F|  |TAMS 0x00000000a7700000, 0x00000000a7700000| Untracked 
| 104|0x00000000a7800000, 0x00000000a7800000, 0x00000000a7900000|  0%| F|  |TAMS 0x00000000a7800000, 0x00000000a7800000| Untracked 
| 105|0x00000000a7900000, 0x00000000a7900000, 0x00000000a7a00000|  0%| F|  |TAMS 0x00000000a7900000, 0x00000000a7900000| Untracked 
| 106|0x00000000a7a00000, 0x00000000a7a00000, 0x00000000a7b00000|  0%| F|  |TAMS 0x00000000a7a00000, 0x00000000a7a00000| Untracked 
| 107|0x00000000a7b00000, 0x00000000a7b00000, 0x00000000a7c00000|  0%| F|  |TAMS 0x00000000a7b00000, 0x00000000a7b00000| Untracked 
| 108|0x00000000a7c00000, 0x00000000a7c00000, 0x00000000a7d00000|  0%| F|  |TAMS 0x00000000a7c00000, 0x00000000a7c00000| Untracked 
| 109|0x00000000a7d00000, 0x00000000a7d00000, 0x00000000a7e00000|  0%| F|  |TAMS 0x00000000a7d00000, 0x00000000a7d00000| Untracked 
| 110|0x00000000a7e00000, 0x00000000a7e00000, 0x00000000a7f00000|  0%| F|  |TAMS 0x00000000a7e00000, 0x00000000a7e00000| Untracked 
| 111|0x00000000a7f00000, 0x00000000a7f00000, 0x00000000a8000000|  0%| F|  |TAMS 0x00000000a7f00000, 0x00000000a7f00000| Untracked 
| 112|0x00000000a8000000, 0x00000000a8000000, 0x00000000a8100000|  0%| F|  |TAMS 0x00000000a8000000, 0x00000000a8000000| Untracked 
| 113|0x00000000a8100000, 0x00000000a8100000, 0x00000000a8200000|  0%| F|  |TAMS 0x00000000a8100000, 0x00000000a8100000| Untracked 
| 114|0x00000000a8200000, 0x00000000a8200000, 0x00000000a8300000|  0%| F|  |TAMS 0x00000000a8200000, 0x00000000a8200000| Untracked 
| 115|0x00000000a8300000, 0x00000000a8300000, 0x00000000a8400000|  0%| F|  |TAMS 0x00000000a8300000, 0x00000000a8300000| Untracked 

Card table byte_map: [0x0000015116ea0000,0x00000151171a0000] _byte_map_base: 0x0000015116998000

Marking Bits (Prev, Next): (CMBitMap*) 0x0000015178860258, (CMBitMap*) 0x0000015178860290
 Prev Bits: [0x00000151174a0000, 0x0000015118c60000)
 Next Bits: [0x0000015118c60000, 0x000001511a420000)

Polling page: 0x0000015100000000

Metaspace:

Usage:
  Non-class:     38.77 MB capacity,    38.02 MB ( 98%) used,   631.48 KB (  2%) free+waste,   132.06 KB ( <1%) overhead. 
      Class:      5.91 MB capacity,     5.47 MB ( 93%) used,   387.11 KB (  6%) free+waste,    66.50 KB (  1%) overhead. 
       Both:     44.67 MB capacity,    43.49 MB ( 97%) used,  1018.59 KB (  2%) free+waste,   198.56 KB ( <1%) overhead. 

Virtual space:
  Non-class space:       40.00 MB reserved,      38.83 MB ( 97%) committed 
      Class space:        1.00 GB reserved,       6.00 MB ( <1%) committed 
             Both:        1.04 GB reserved,      44.83 MB (  4%) committed 

Chunk freelists:
   Non-Class:  7.88 KB
       Class:  3.75 KB
        Both:  11.63 KB

CodeHeap 'non-profiled nmethods': size=238912Kb used=8210Kb max_used=8210Kb free=230701Kb
 bounds [0x0000015107c20000, 0x0000015108430000, 0x0000015116570000]
CodeHeap 'non-nmethods': size=6848Kb used=1172Kb max_used=1172Kb free=5676Kb
 bounds [0x0000015107570000, 0x00000151077e0000, 0x0000015107c20000]
 total_blobs=5546 nmethods=5031 adapters=441
 compilation: enabled
              stopped_count=0, restarted_count=0
 full_count=0

Compilation events (10 events):
Event: 10.831 Thread 0x000001511ca6b800 5026       1       java.util.jar.JarInputStream::createZipEntry (30 bytes)
Event: 10.831 Thread 0x000001511ca6b800 nmethod 5026 0x0000015108422c90 code [0x0000015108422e40, 0x0000015108423078]
Event: 10.835 Thread 0x000001511ca6b800 5027   !   1       java.io.FileInputStream::close (69 bytes)
Event: 10.835 Thread 0x000001511ca6b800 nmethod 5027 0x0000015108423190 code [0x0000015108423340, 0x0000015108423738]
Event: 10.837 Thread 0x000001511ca6b800 5028  s    1       java.util.zip.Inflater$InflaterZStreamRef::run (21 bytes)
Event: 10.837 Thread 0x000001511ca6b800 nmethod 5028 0x0000015108423890 code [0x0000015108423a20, 0x0000015108423c88]
Event: 10.838 Thread 0x000001511ca6b800 5030       1       java.util.jar.JarInputStream::getManifest (5 bytes)
Event: 10.838 Thread 0x000001511ca6b800 nmethod 5030 0x0000015108424110 code [0x00000151084242a0, 0x0000015108424358]
Event: 10.846 Thread 0x000001511ca6b800 5031   !   1       java.util.zip.Inflater::getBytesRead (23 bytes)
Event: 10.847 Thread 0x000001511ca6b800 nmethod 5031 0x0000015108424410 code [0x00000151084245c0, 0x0000015108424848]

GC Heap History (10 events):
Event: 8.082 GC heap after
{Heap after GC invocations=11 (full 0):
 garbage-first heap   total 118784K, used 20326K [0x00000000a1000000, 0x0000000100000000)
  region size 1024K, 6 young (6144K), 6 survivors (6144K)
 Metaspace       used 33216K, capacity 34172K, committed 34480K, reserved 1079296K
  class space    used 4141K, capacity 4530K, committed 4608K, reserved 1048576K
}
Event: 8.583 GC heap before
{Heap before GC invocations=11 (full 0):
 garbage-first heap   total 118784K, used 47974K [0x00000000a1000000, 0x0000000100000000)
  region size 1024K, 34 young (34816K), 6 survivors (6144K)
 Metaspace       used 34831K, capacity 35829K, committed 35920K, reserved 1081344K
  class space    used 4430K, capacity 4824K, committed 4864K, reserved 1048576K
}
Event: 8.591 GC heap after
{Heap after GC invocations=12 (full 0):
 garbage-first heap   total 118784K, used 21871K [0x00000000a1000000, 0x0000000100000000)
  region size 1024K, 6 young (6144K), 6 survivors (6144K)
 Metaspace       used 34831K, capacity 35829K, committed 35920K, reserved 1081344K
  class space    used 4430K, capacity 4824K, committed 4864K, reserved 1048576K
}
Event: 9.485 GC heap before
{Heap before GC invocations=13 (full 0):
 garbage-first heap   total 118784K, used 82287K [0x00000000a1000000, 0x0000000100000000)
  region size 1024K, 65 young (66560K), 6 survivors (6144K)
 Metaspace       used 39327K, capacity 40425K, committed 40656K, reserved 1085440K
  class space    used 4982K, capacity 5408K, committed 5504K, reserved 1048576K
}
Event: 9.499 GC heap after
{Heap after GC invocations=14 (full 0):
 garbage-first heap   total 118784K, used 25141K [0x00000000a1000000, 0x0000000100000000)
  region size 1024K, 8 young (8192K), 8 survivors (8192K)
 Metaspace       used 39327K, capacity 40425K, committed 40656K, reserved 1085440K
  class space    used 4982K, capacity 5408K, committed 5504K, reserved 1048576K
}
Event: 10.464 GC heap before
{Heap before GC invocations=14 (full 0):
 garbage-first heap   total 118784K, used 86581K [0x00000000a1000000, 0x0000000100000000)
  region size 1024K, 68 young (69632K), 8 survivors (8192K)
 Metaspace       used 43824K, capacity 45042K, committed 45264K, reserved 1089536K
  class space    used 5530K, capacity 6010K, committed 6016K, reserved 1048576K
}
Event: 10.479 GC heap after
{Heap after GC invocations=15 (full 0):
 garbage-first heap   total 118784K, used 32150K [0x00000000a1000000, 0x0000000100000000)
  region size 1024K, 9 young (9216K), 9 survivors (9216K)
 Metaspace       used 43824K, capacity 45042K, committed 45264K, reserved 1089536K
  class space    used 5530K, capacity 6010K, committed 6016K, reserved 1048576K
}
Event: 10.635 GC heap before
{Heap before GC invocations=15 (full 0):
 garbage-first heap   total 118784K, used 86422K [0x00000000a1000000, 0x0000000100000000)
  region size 1024K, 63 young (64512K), 9 survivors (9216K)
 Metaspace       used 43832K, capacity 45048K, committed 45264K, reserved 1089536K
  class space    used 5531K, capacity 6011K, committed 6016K, reserved 1048576K
}
Event: 10.648 GC heap after
{Heap after GC invocations=16 (full 0):
 garbage-first heap   total 118784K, used 35397K [0x00000000a1000000, 0x0000000100000000)
  region size 1024K, 3 young (3072K), 3 survivors (3072K)
 Metaspace       used 43832K, capacity 45048K, committed 45264K, reserved 1089536K
  class space    used 5531K, capacity 6011K, committed 6016K, reserved 1048576K
}
Event: 10.865 GC heap before
{Heap before GC invocations=16 (full 0):
 garbage-first heap   total 118784K, used 89669K [0x00000000a1000000, 0x0000000100000000)
  region size 1024K, 56 young (57344K), 3 survivors (3072K)
 Metaspace       used 44529K, capacity 45747K, committed 45904K, reserved 1089536K
  class space    used 5596K, capacity 6050K, committed 6144K, reserved 1048576K
}

Deoptimization events (0 events):
No events

Classes redefined (0 events):
No events

Internal exceptions (10 events):
Event: 9.261 Thread 0x000001511e861800 Exception <a 'java/lang/ClassNotFoundException'{0x00000000a52df490}: org/springframework/beans/factory/AwareCustomizer> (0x00000000a52df490) thrown at [./open/src/hotspot/share/classfile/systemDictionary.cpp, line 227]
Event: 9.670 Thread 0x000001511e856000 Exception <a 'java/lang/reflect/InvocationTargetException'{0x00000000a78efec0}> (0x00000000a78efec0) thrown at [./open/src/hotspot/share/runtime/reflection.cpp, line 1242]
Event: 9.754 Thread 0x000001511e861800 Exception <a 'java/lang/NoSuchMethodError'{0x00000000a72b6530}: java.lang.invoke.DirectMethodHandle$Holder.invokeSpecial(Ljava/lang/Object;Ljava/lang/Object;Ljava/lang/Object;Ljava/lang/Object;Ljava/lang/Object;Ljava/lang/Object;I)Ljava/lang/Object;> (0x0
Event: 9.755 Thread 0x000001511e861800 Exception <a 'java/lang/NoSuchMethodError'{0x00000000a72c04e0}: java.lang.invoke.DirectMethodHandle$Holder.invokeSpecial(Ljava/lang/Object;Ljava/lang/Object;Ljava/lang/Object;Ljava/lang/Object;Ljava/lang/Object;Ljava/lang/Object;Ljava/lang/Object;I)Ljava/
Event: 9.755 Thread 0x000001511e861800 Exception <a 'java/lang/NoSuchMethodError'{0x00000000a72c48d8}: java.lang.invoke.Invokers$Holder.linkToTargetMethod(Ljava/lang/Object;Ljava/lang/Object;Ljava/lang/Object;Ljava/lang/Object;Ljava/lang/Object;ILjava/lang/Object;)Ljava/lang/Object;> (0x000000
Event: 9.824 Thread 0x000001511e861800 Exception <a 'java/lang/NoSuchMethodError'{0x00000000a6c3b770}: java.lang.invoke.DirectMethodHandle$Holder.invokeInterface(Ljava/lang/Object;Ljava/lang/Object;I)V> (0x00000000a6c3b770) thrown at [./open/src/hotspot/share/interpreter/linkResolver.cpp, line
Event: 9.828 Thread 0x000001511e861800 Exception <a 'java/lang/NoSuchMethodError'{0x00000000a6c7ecb0}: java.lang.invoke.DirectMethodHandle$Holder.invokeStatic(Ljava/lang/Object;ILjava/lang/Object;)V> (0x00000000a6c7ecb0) thrown at [./open/src/hotspot/share/interpreter/linkResolver.cpp, line 77
Event: 9.830 Thread 0x000001511e861800 Exception <a 'java/lang/NoSuchMethodError'{0x00000000a6ca0de0}: java.lang.invoke.DirectMethodHandle$Holder.invokeVirtual(Ljava/lang/Object;Ljava/lang/Object;)I> (0x00000000a6ca0de0) thrown at [./open/src/hotspot/share/interpreter/linkResolver.cpp, line 77
Event: 10.192 Thread 0x000001511e856000 Exception <a 'java/lang/reflect/InvocationTargetException'{0x00000000a536ea48}> (0x00000000a536ea48) thrown at [./open/src/hotspot/share/runtime/reflection.cpp, line 1242]
Event: 10.714 Thread 0x000001511e856000 Exception <a 'java/lang/reflect/InvocationTargetException'{0x00000000a7164260}> (0x00000000a7164260) thrown at [./open/src/hotspot/share/runtime/reflection.cpp, line 1242]

Events (10 events):
Event: 10.769 loading class org/apache/catalina/util/ExtensionValidator done
Event: 10.770 loading class java/util/jar/JarInputStream
Event: 10.771 loading class java/util/zip/ZipInputStream
Event: 10.771 loading class java/util/zip/ZipInputStream done
Event: 10.771 loading class java/util/jar/JarInputStream done
Event: 10.772 loading class org/apache/catalina/util/ManifestResource
Event: 10.772 loading class org/apache/catalina/util/ManifestResource done
Event: 10.777 loading class org/apache/catalina/util/Extension
Event: 10.777 loading class org/apache/catalina/util/Extension done
Event: 10.864 Executing VM operation: G1CollectForAllocation


Dynamic libraries:
0x00007ff6ce3a0000 - 0x00007ff6ce3af000 	C:\Program Files\Java\jdk-11.0.13\bin\java.exe
0x00007ffd43a70000 - 0x00007ffd43c65000 	C:\Windows\SYSTEM32\ntdll.dll
0x00007ffd41b30000 - 0x00007ffd41bee000 	C:\Windows\System32\KERNEL32.DLL
0x00007ffd41460000 - 0x00007ffd41728000 	C:\Windows\System32\KERNELBASE.dll
0x00007ffd41200000 - 0x00007ffd41300000 	C:\Windows\System32\ucrtbase.dll
0x00007ffd170b0000 - 0x00007ffd170c8000 	C:\Program Files\Java\jdk-11.0.13\bin\jli.dll
0x00007ffd42e70000 - 0x00007ffd42f1e000 	C:\Windows\System32\ADVAPI32.dll
0x00007ffd42f50000 - 0x00007ffd42fee000 	C:\Windows\System32\msvcrt.dll
0x00007ffd43930000 - 0x00007ffd439cc000 	C:\Windows\System32\sechost.dll
0x00007ffd183b0000 - 0x00007ffd183c5000 	C:\Program Files\Java\jdk-11.0.13\bin\VCRUNTIME140.dll
0x00007ffd43550000 - 0x00007ffd43675000 	C:\Windows\System32\RPCRT4.dll
0x00007ffd432c0000 - 0x00007ffd43460000 	C:\Windows\System32\USER32.dll
0x00007ffd41940000 - 0x00007ffd41962000 	C:\Windows\System32\win32u.dll
0x00007ffd2b1c0000 - 0x00007ffd2b45a000 	C:\Windows\WinSxS\amd64_microsoft.windows.common-controls_6595b64144ccf1df_6.0.19041.1110_none_60b5254171f9507e\COMCTL32.dll
0x00007ffd42f20000 - 0x00007ffd42f4a000 	C:\Windows\System32\GDI32.dll
0x00007ffd41300000 - 0x00007ffd4140b000 	C:\Windows\System32\gdi32full.dll
0x00007ffd41870000 - 0x00007ffd4190d000 	C:\Windows\System32\msvcp_win.dll
0x00007ffd3a5b0000 - 0x00007ffd3a5ba000 	C:\Windows\SYSTEM32\VERSION.dll
0x00007ffd43460000 - 0x00007ffd43490000 	C:\Windows\System32\IMM32.DLL
0x00007ffd133d0000 - 0x00007ffd1346b000 	C:\Program Files\Java\jdk-11.0.13\bin\msvcp140.dll
0x00007ffcdea50000 - 0x00007ffcdf563000 	C:\Program Files\Java\jdk-11.0.13\bin\server\jvm.dll
0x00007ffd43680000 - 0x00007ffd43688000 	C:\Windows\System32\PSAPI.DLL
0x00007ffd370e0000 - 0x00007ffd37107000 	C:\Windows\SYSTEM32\WINMM.dll
0x00007ffd3ccb0000 - 0x00007ffd3ccb9000 	C:\Windows\SYSTEM32\WSOCK32.dll
0x00007ffd42ff0000 - 0x00007ffd4305b000 	C:\Windows\System32\WS2_32.dll
0x00007ffd3f070000 - 0x00007ffd3f082000 	C:\Windows\SYSTEM32\kernel.appcore.dll
0x00007ffd2beb0000 - 0x00007ffd2bec0000 	C:\Program Files\Java\jdk-11.0.13\bin\verify.dll
0x00007ffd2c8d0000 - 0x00007ffd2cab4000 	C:\Windows\SYSTEM32\DBGHELP.DLL
0x00007ffd26750000 - 0x00007ffd2677c000 	C:\Windows\SYSTEM32\dbgcore.DLL
0x00007ffd417e0000 - 0x00007ffd41862000 	C:\Windows\System32\bcryptPrimitives.dll
0x00007ffd13c10000 - 0x00007ffd13c38000 	C:\Program Files\Java\jdk-11.0.13\bin\java.dll
0x00007ffd2bde0000 - 0x00007ffd2bdea000 	C:\Program Files\Java\jdk-11.0.13\bin\jimage.dll
0x00007ffd2be10000 - 0x00007ffd2be1e000 	C:\Program Files\Java\jdk-11.0.13\bin\instrument.dll
0x00007ffd17070000 - 0x00007ffd17086000 	C:\Program Files\Java\jdk-11.0.13\bin\zip.dll
0x00007ffd42220000 - 0x00007ffd42964000 	C:\Windows\System32\SHELL32.dll
0x00007ffd3f270000 - 0x00007ffd3fa04000 	C:\Windows\SYSTEM32\windows.storage.dll
0x00007ffd42b10000 - 0x00007ffd42e64000 	C:\Windows\System32\combase.dll
0x00007ffd40a50000 - 0x00007ffd40a7c000 	C:\Windows\SYSTEM32\Wldp.dll
0x00007ffd42a00000 - 0x00007ffd42aad000 	C:\Windows\System32\SHCORE.dll
0x00007ffd439d0000 - 0x00007ffd43a25000 	C:\Windows\System32\shlwapi.dll
0x00007ffd410d0000 - 0x00007ffd410ef000 	C:\Windows\SYSTEM32\profapi.dll
0x00007ffd15960000 - 0x00007ffd15979000 	C:\Program Files\Java\jdk-11.0.13\bin\net.dll
0x00007ffd324c0000 - 0x00007ffd325ca000 	C:\Windows\SYSTEM32\WINHTTP.dll
0x00007ffd40830000 - 0x00007ffd4089a000 	C:\Windows\system32\mswsock.dll
0x00007ffd15580000 - 0x00007ffd15592000 	C:\Program Files\Java\jdk-11.0.13\bin\nio.dll
0x00007ffd14140000 - 0x00007ffd1415a000 	C:\Program Files\JetBrains\IntelliJ IDEA 2021.3\bin\breakgen64.dll
0x00007ffd40580000 - 0x00007ffd4064b000 	C:\Windows\SYSTEM32\DNSAPI.dll
0x00007ffd40540000 - 0x00007ffd4057b000 	C:\Windows\SYSTEM32\IPHLPAPI.DLL
0x00007ffd43540000 - 0x00007ffd43548000 	C:\Windows\System32\NSI.dll
0x00007ffd30ae0000 - 0x00007ffd30aea000 	C:\Windows\System32\rasadhlp.dll
0x00007ffd31420000 - 0x00007ffd3149f000 	C:\Windows\System32\fwpuclnt.dll
0x00007ffd41910000 - 0x00007ffd41937000 	C:\Windows\System32\bcrypt.dll
0x00007ffd3b9d0000 - 0x00007ffd3b9d9000 	C:\Program Files\Java\jdk-11.0.13\bin\management.dll
0x00007ffd3b9c0000 - 0x00007ffd3b9cb000 	C:\Program Files\Java\jdk-11.0.13\bin\management_ext.dll
0x00007ffd40a90000 - 0x00007ffd40aa8000 	C:\Windows\SYSTEM32\CRYPTSP.dll
0x00007ffd401d0000 - 0x00007ffd40204000 	C:\Windows\system32\rsaenh.dll
0x00007ffd41090000 - 0x00007ffd410be000 	C:\Windows\SYSTEM32\USERENV.dll
0x00007ffd409c0000 - 0x00007ffd409cc000 	C:\Windows\SYSTEM32\CRYPTBASE.dll
0x00007ffd39040000 - 0x00007ffd39057000 	C:\Windows\SYSTEM32\dhcpcsvc6.DLL
0x00007ffd39020000 - 0x00007ffd3903d000 	C:\Windows\SYSTEM32\dhcpcsvc.DLL
0x00007ffd24590000 - 0x00007ffd245a7000 	C:\Windows\system32\napinsp.dll
0x00007ffd24570000 - 0x00007ffd2458b000 	C:\Windows\system32\pnrpnsp.dll
0x00007ffd24550000 - 0x00007ffd24565000 	C:\Windows\system32\wshbth.dll
0x00007ffd3cad0000 - 0x00007ffd3caed000 	C:\Windows\system32\NLAapi.dll
0x00007ffd240a0000 - 0x00007ffd240b2000 	C:\Windows\System32\winrnr.dll

dbghelp: loaded successfully - version: 4.0.5 - missing functions: none
symbol engine: initialized successfully - sym options: 0x614 - pdb path: .;C:\Program Files\Java\jdk-11.0.13\bin;C:\Windows\SYSTEM32;C:\Windows\WinSxS\amd64_microsoft.windows.common-controls_6595b64144ccf1df_6.0.19041.1110_none_60b5254171f9507e;C:\Program Files\Java\jdk-11.0.13\bin\server;C:\Program Files\JetBrains\IntelliJ IDEA 2021.3\bin

VM Arguments:
jvm_args: -XX:TieredStopAtLevel=1 -Xverify:none -Dspring.output.ansi.enabled=always -javaagent:C:\Program Files\JetBrains\IntelliJ IDEA 2021.3\lib\idea_rt.jar=61314:C:\Program Files\JetBrains\IntelliJ IDEA 2021.3\bin -Dcom.sun.management.jmxremote -Dspring.jmx.enabled=true -Dspring.liveBeansView.mbeanDomain -Dspring.application.admin.enabled=true -Dfile.encoding=UTF-8 
java_command: relevebancaire.workflow.activiti.ActivitiWorkflowBootloader
java_class_path (initial): C:\Users\Nuklearka\Desktop\PFE\microservice-relevebancaire-activiti-workflow\target\classes;C:\Users\Nuklearka\.m2\repository\org\springframework\cloud\spring-cloud-starter-sleuth\2.1.3.RELEASE\spring-cloud-starter-sleuth-2.1.3.RELEASE.jar;C:\Users\Nuklearka\.m2\repository\org\springframework\cloud\spring-cloud-starter\2.1.3.RELEASE\spring-cloud-starter-2.1.3.RELEASE.jar;C:\Users\Nuklearka\.m2\repository\org\springframework\cloud\spring-cloud-context\2.1.3.RELEASE\spring-cloud-context-2.1.3.RELEASE.jar;C:\Users\Nuklearka\.m2\repository\org\springframework\security\spring-security-rsa\1.0.7.RELEASE\spring-security-rsa-1.0.7.RELEASE.jar;C:\Users\Nuklearka\.m2\repository\org\bouncycastle\bcpkix-jdk15on\1.60\bcpkix-jdk15on-1.60.jar;C:\Users\Nuklearka\.m2\repository\org\bouncycastle\bcprov-jdk15on\1.60\bcprov-jdk15on-1.60.jar;C:\Users\Nuklearka\.m2\repository\org\springframework\boot\spring-boot-starter-aop\2.1.3.RELEASE\spring-boot-starter-aop-2.1.3.RELEASE.jar;C:\Users\Nuklearka\.m2\repository\org\springframework\spring-aop\5.1.5.RELEASE\spring-aop-5.1.5.RELEASE.jar;C:\Users\Nuklearka\.m2\repository\org\aspectj\aspectjweaver\1.9.2\aspectjweaver-1.9.2.jar;C:\Users\Nuklearka\.m2\repository\org\springframework\cloud\spring-cloud-sleuth-core\2.1.3.RELEASE\spring-cloud-sleuth-core-2.1.3.RELEASE.jar;C:\Users\Nuklearka\.m2\repository\org\springframework\spring-context\5.1.5.RELEASE\spring-context-5.1.5.RELEASE.jar;C:\Users\Nuklearka\.m2\repository\org\aspectj\aspectjrt\1.9.2\aspectjrt-1.9.2.jar;C:\Users\Nuklearka\.m2\repository\io\zipkin\brave\brave\5.7.0\brave-5.7.0.jar;C:\Users\Nuklearka\.m2\repository\io\zipkin\brave\brave-context-log4j2\5.7.0\brave-context-log4j2-5.7.0.jar;C:\Users\Nuklearka\.m2\repository\io\zipkin\brave\brave-instrumentation-spring-web\5.7.0\brave-instrumentation-spring-web-5.7.0.jar;C:\Users\Nuklearka\.m2\repository\io\zipkin\brave\brave-instrumentation-http\5.7.0\brave-instrumentation-http-5.7.0.jar;C:\Users\Nuklearka\.m2\
Launcher Type: SUN_STANDARD

[Global flags]
     bool BytecodeVerificationLocal                = false                                     {product} {command line}
     bool BytecodeVerificationRemote               = false                                     {product} {command line}
     intx CICompilerCount                          = 3                                         {product} {ergonomic}
     uint ConcGCThreads                            = 1                                         {product} {ergonomic}
     uint G1ConcRefinementThreads                  = 4                                         {product} {ergonomic}
   size_t G1HeapRegionSize                         = 1048576                                   {product} {ergonomic}
    uintx GCDrainStackTargetSize                   = 64                                        {product} {ergonomic}
   size_t InitialHeapSize                          = 100663296                                 {product} {ergonomic}
     bool ManagementServer                         = true                                      {product} {command line}
   size_t MarkStackSize                            = 4194304                                   {product} {ergonomic}
   size_t MaxHeapSize                              = 1593835520                                {product} {ergonomic}
   size_t MaxNewSize                               = 956301312                                 {product} {ergonomic}
   size_t MinHeapDeltaBytes                        = 1048576                                   {product} {ergonomic}
    uintx NonNMethodCodeHeapSize                   = 6973028                                {pd product} {ergonomic}
    uintx NonProfiledCodeHeapSize                  = 244685212                              {pd product} {ergonomic}
    uintx ProfiledCodeHeapSize                     = 0                                      {pd product} {ergonomic}
    uintx ReservedCodeCacheSize                    = 251658240                              {pd product} {ergonomic}
     bool SegmentedCodeCache                       = true                                      {product} {ergonomic}
     intx TieredStopAtLevel                        = 1                                         {product} {command line}
     bool UseCompressedClassPointers               = true                                 {lp64_product} {ergonomic}
     bool UseCompressedOops                        = true                                 {lp64_product} {ergonomic}
     bool UseG1GC                                  = true                                      {product} {ergonomic}
     bool UseLargePagesIndividualAllocation        = false                                  {pd product} {ergonomic}

Logging:
Log output configuration:
 #0: stdout all=warning uptime,level,tags
 #1: stderr all=off uptime,level,tags

Environment Variables:
JAVA_HOME=C:\Program Files\Java\jdk-11.0.13
CLASSPATH=C:\Program Files\Java\jdk-11.0.13\lib
PATH=C:\Program Files (x86)\Common Files\Oracle\Java\javapath;C:\Python27\;C:\Python27\Scripts;C:\Windows\system32;C:\Windows;C:\Windows\System32\Wbem;C:\Windows\System32\WindowsPowerShell\v1.0\;C:\Windows\System32\OpenSSH\;C:\Program Files\nodejs\;C:\Program Files\Git\cmd;C:\Program Files\Java\jdk-11.0.13\bin;C:\opt\apache-maven-3.8.4\bin;C:\Program Files\Java\jdk-11.0.13\bin;C:\Program Files\JetBrains\IntelliJ IDEA 2021.3\bin;C:\sonar-scanner-4.7.0.2747-windows\bin;;C:\Program Files\Docker\Docker\resources\bin;C:\ProgramData\DockerDesktop\version-bin;C:\Program Files\Java\jdk-11.0.13\bin;C:\Users\Nuklearka\AppData\Roaming\npm;C:\Users\Nuklearka\AppData\Roaming\npm\node_modules\@angular\cli\bin;C:\Users\Nuklearka\AppData\Local\Programs\Microsoft VS Code\bin;C:\Program Files\JetBrains\IntelliJ IDEA 2021.3\bin;
USERNAME=Nuklearka
OS=Windows_NT
PROCESSOR_IDENTIFIER=AMD64 Family 23 Model 24 Stepping 1, AuthenticAMD



---------------  S Y S T E M  ---------------

OS: Windows 10 , 64 bit Build 19041 (10.0.19041.1645)
Hyper-V role detected

CPU:total 4 (initial active 4) (4 cores per cpu, 2 threads per core) family 23 model 24 stepping 1 microcode 0x0, cmov, cx8, fxsr, mmx, sse, sse2, sse3, ssse3, sse4.1, sse4.2, popcnt, avx, avx2, aes, clmul, mmxext, 3dnowpref, lzcnt, sse4a, ht, tsc, tscinvbit, tscinv, bmi1, bmi2, adx, s

Memory: 4k page, system-wide physical 6077M (340M free)
TotalPageFile size 24509M (AvailPageFile size 13M)
current process WorkingSet (physical memory assigned to process): 222M, peak: 222M
current process commit charge ("private bytes"): 264M, peak: 288M

vm_info: Java HotSpot(TM) 64-Bit Server VM (11.0.13+10-LTS-370) for windows-amd64 JRE (11.0.13+10-LTS-370), built on Sep 15 2021 22:10:36 by "mach5one" with MS VC++ 15.9 (VS2017)

END.
